TN:
SF:server.ts
FN:15,(anonymous_1)
FN:19,(anonymous_2)
FN:24,(anonymous_3)
FN:35,(anonymous_4)
FN:53,(anonymous_5)
FN:67,(anonymous_6)
FN:105,(anonymous_7)
FN:133,(anonymous_8)
FN:148,(anonymous_9)
FN:168,(anonymous_10)
FN:186,(anonymous_11)
FN:206,parseMinute
FN:213,getOrCreateTeamByName
FN:243,getOrCreateVenue
FN:307,(anonymous_15)
FN:384,(anonymous_16)
FN:440,(anonymous_17)
FN:467,(anonymous_18)
FN:493,(anonymous_19)
FN:512,(anonymous_20)
FN:541,(anonymous_21)
FN:582,(anonymous_22)
FN:757,(anonymous_23)
FN:776,(anonymous_24)
FN:915,(anonymous_25)
FN:1022,(anonymous_26)
FN:1071,(anonymous_27)
FN:1261,(anonymous_28)
FN:1285,(anonymous_29)
FN:1305,(anonymous_30)
FN:1324,(anonymous_31)
FN:1360,(anonymous_32)
FN:1373,(anonymous_33)
FN:1378,(anonymous_34)
FN:1397,(anonymous_35)
FN:1400,(anonymous_36)
FN:1403,(anonymous_37)
FN:1413,(anonymous_38)
FN:1529,parseLimit
FN:1535,(anonymous_40)
FN:1593,(anonymous_41)
FN:1594,(anonymous_42)
FN:1618,(anonymous_43)
FN:1667,(anonymous_44)
FNF:44
FNH:37
FNDA:1,(anonymous_1)
FNDA:1,(anonymous_2)
FNDA:1,(anonymous_3)
FNDA:2,(anonymous_4)
FNDA:1,(anonymous_5)
FNDA:2,(anonymous_6)
FNDA:1,(anonymous_7)
FNDA:1,(anonymous_8)
FNDA:2,(anonymous_9)
FNDA:1,(anonymous_10)
FNDA:2,(anonymous_11)
FNDA:0,parseMinute
FNDA:2,getOrCreateTeamByName
FNDA:1,getOrCreateVenue
FNDA:1,(anonymous_15)
FNDA:1,(anonymous_16)
FNDA:1,(anonymous_17)
FNDA:1,(anonymous_18)
FNDA:1,(anonymous_19)
FNDA:2,(anonymous_20)
FNDA:2,(anonymous_21)
FNDA:3,(anonymous_22)
FNDA:0,(anonymous_23)
FNDA:2,(anonymous_24)
FNDA:1,(anonymous_25)
FNDA:1,(anonymous_26)
FNDA:1,(anonymous_27)
FNDA:2,(anonymous_28)
FNDA:1,(anonymous_29)
FNDA:1,(anonymous_30)
FNDA:2,(anonymous_31)
FNDA:4,(anonymous_32)
FNDA:3,(anonymous_33)
FNDA:3,(anonymous_34)
FNDA:4,(anonymous_35)
FNDA:2,(anonymous_36)
FNDA:3,(anonymous_37)
FNDA:0,(anonymous_38)
FNDA:1,parseLimit
FNDA:1,(anonymous_40)
FNDA:0,(anonymous_41)
FNDA:0,(anonymous_42)
FNDA:0,(anonymous_43)
FNDA:0,(anonymous_44)
DA:1,1
DA:2,1
DA:4,1
DA:5,1
DA:7,1
DA:8,1
DA:9,1
DA:11,1
DA:12,1
DA:13,1
DA:15,1
DA:16,1
DA:19,1
DA:20,1
DA:24,1
DA:25,1
DA:27,1
DA:28,0
DA:29,0
DA:32,1
DA:35,1
DA:36,2
DA:37,2
DA:42,2
DA:43,0
DA:44,0
DA:47,2
DA:49,2
DA:53,1
DA:54,1
DA:58,1
DA:59,0
DA:60,0
DA:63,1
DA:67,1
DA:68,2
DA:70,2
DA:71,1
DA:74,1
DA:76,1
DA:91,1
DA:92,0
DA:93,0
DA:96,1
DA:98,0
DA:99,0
DA:105,1
DA:106,1
DA:108,1
DA:123,1
DA:128,1
DA:129,0
DA:130,0
DA:133,1
DA:139,1
DA:144,1
DA:148,1
DA:149,2
DA:151,2
DA:152,1
DA:155,1
DA:159,1
DA:160,0
DA:161,0
DA:164,1
DA:168,1
DA:169,1
DA:171,1
DA:177,1
DA:178,0
DA:179,0
DA:182,1
DA:186,1
DA:187,2
DA:188,2
DA:189,2
DA:190,1
DA:192,1
DA:198,1
DA:199,0
DA:200,0
DA:203,1
DA:207,0
DA:208,0
DA:209,0
DA:222,2
DA:224,2
DA:238,2
DA:239,2
DA:248,1
DA:249,1
DA:257,1
DA:258,1
DA:263,1
DA:307,1
DA:308,1
DA:330,1
DA:332,1
DA:333,0
DA:338,1
DA:339,1
DA:340,1
DA:342,1
DA:343,1
DA:344,1
DA:345,1
DA:346,1
DA:347,1
DA:349,1
DA:371,1
DA:372,1
DA:374,0
DA:375,0
DA:384,1
DA:385,1
DA:386,1
DA:387,1
DA:389,1
DA:390,1
DA:405,13
DA:408,1
DA:412,0
DA:417,0
DA:420,1
DA:427,1
DA:428,1
DA:430,0
DA:431,0
DA:440,1
DA:441,1
DA:442,1
DA:443,1
DA:444,1
DA:445,0
DA:449,1
DA:455,1
DA:456,1
DA:458,0
DA:459,0
DA:467,1
DA:468,1
DA:469,1
DA:470,1
DA:471,1
DA:472,1
DA:474,1
DA:481,1
DA:482,1
DA:484,0
DA:485,0
DA:493,1
DA:494,1
DA:495,1
DA:496,1
DA:497,1
DA:504,1
DA:505,1
DA:507,0
DA:508,0
DA:512,1
DA:513,2
DA:514,2
DA:517,2
DA:518,1
DA:521,1
DA:522,1
DA:529,1
DA:530,0
DA:531,0
DA:534,1
DA:536,0
DA:537,0
DA:541,1
DA:542,2
DA:543,2
DA:544,2
DA:546,2
DA:552,2
DA:553,0
DA:556,2
DA:557,1
DA:562,1
DA:567,1
DA:568,0
DA:571,1
DA:573,0
DA:574,0
DA:582,1
DA:583,3
DA:584,3
DA:585,3
DA:588,3
DA:593,3
DA:594,1
DA:597,2
DA:601,2
DA:602,2
DA:603,2
DA:604,1
DA:606,1
DA:610,0
DA:615,1
DA:636,1
DA:645,1
DA:648,1
DA:658,1
DA:666,1
DA:668,0
DA:669,0
DA:757,1
DA:758,0
DA:759,0
DA:760,0
DA:762,0
DA:767,0
DA:769,0
DA:771,0
DA:772,0
DA:776,1
DA:777,2
DA:778,2
DA:779,2
DA:789,2
DA:792,2
DA:793,1
DA:794,1
DA:802,1
DA:813,1
DA:816,1
DA:822,1
DA:823,0
DA:824,0
DA:828,1
DA:829,1
DA:835,1
DA:836,0
DA:838,1
DA:839,1
DA:841,1
DA:842,1
DA:843,1
DA:844,0
DA:845,0
DA:846,0
DA:849,1
DA:854,1
DA:855,0
DA:857,1
DA:862,1
DA:864,0
DA:865,0
DA:915,1
DA:916,1
DA:917,1
DA:918,1
DA:920,1
DA:921,1
DA:922,1
DA:924,1
DA:925,0
DA:926,0
DA:932,1
DA:938,1
DA:940,1
DA:941,0
DA:942,0
DA:946,1
DA:947,1
DA:949,1
DA:953,1
DA:962,1
DA:963,0
DA:964,0
DA:967,1
DA:968,1
DA:970,0
DA:971,0
DA:1022,1
DA:1023,1
DA:1024,1
DA:1026,1
DA:1027,1
DA:1035,1
DA:1036,0
DA:1037,0
DA:1040,1
DA:1041,0
DA:1044,1
DA:1050,1
DA:1051,0
DA:1052,0
DA:1056,1
DA:1057,1
DA:1059,1
DA:1061,0
DA:1062,0
DA:1071,1
DA:1072,1
DA:1073,1
DA:1074,1
DA:1075,1
DA:1076,0
DA:1079,1
DA:1086,1
DA:1087,0
DA:1088,0
DA:1091,1
DA:1094,1
DA:1100,1
DA:1101,0
DA:1102,0
DA:1106,1
DA:1107,1
DA:1113,1
DA:1114,0
DA:1116,1
DA:1117,1
DA:1119,1
DA:1120,1
DA:1121,1
DA:1122,0
DA:1123,0
DA:1124,0
DA:1128,1
DA:1129,1
DA:1131,1
DA:1136,1
DA:1137,0
DA:1142,1
DA:1150,1
DA:1152,0
DA:1153,0
DA:1261,1
DA:1262,2
DA:1263,2
DA:1265,2
DA:1266,1
DA:1269,1
DA:1270,1
DA:1275,1
DA:1277,1
DA:1279,0
DA:1280,0
DA:1285,1
DA:1286,1
DA:1288,1
DA:1289,1
DA:1295,1
DA:1297,1
DA:1299,0
DA:1300,0
DA:1305,1
DA:1306,1
DA:1308,1
DA:1309,1
DA:1315,1
DA:1317,1
DA:1319,0
DA:1320,0
DA:1324,1
DA:1325,2
DA:1335,2
DA:1346,2
DA:1348,2
DA:1349,2
DA:1350,2
DA:1351,2
DA:1352,2
DA:1354,2
DA:1356,2
DA:1357,2
DA:1360,2
DA:1361,4
DA:1362,4
DA:1363,2
DA:1364,1
DA:1365,1
DA:1366,0
DA:1370,2
DA:1373,3
DA:1377,2
DA:1378,3
DA:1381,2
DA:1396,2
DA:1397,4
DA:1399,2
DA:1400,2
DA:1403,3
DA:1411,2
DA:1412,0
DA:1413,0
DA:1414,0
DA:1415,0
DA:1416,0
DA:1418,0
DA:1420,0
DA:1422,0
DA:1424,0
DA:1426,0
DA:1431,2
DA:1435,2
DA:1437,0
DA:1438,0
DA:1458,1
DA:1494,1
DA:1530,1
DA:1531,1
DA:1532,0
DA:1535,1
DA:1536,1
DA:1538,1
DA:1542,1
DA:1543,1
DA:1545,1
DA:1550,1
DA:1551,1
DA:1554,1
DA:1563,0
DA:1564,0
DA:1573,0
DA:1574,0
DA:1575,0
DA:1577,0
DA:1578,0
DA:1581,0
DA:1582,0
DA:1583,0
DA:1584,0
DA:1585,0
DA:1586,0
DA:1591,0
DA:1592,0
DA:1593,0
DA:1594,0
DA:1596,0
DA:1597,0
DA:1600,0
DA:1606,0
DA:1607,0
DA:1608,0
DA:1609,0
DA:1610,0
DA:1611,0
DA:1616,0
DA:1617,0
DA:1619,0
DA:1620,0
DA:1621,0
DA:1622,0
DA:1624,0
DA:1631,0
DA:1633,0
DA:1636,0
DA:1656,0
DA:1658,0
DA:1659,0
DA:1666,1
DA:1667,0
DA:1668,0
DA:1672,1
LF:460
LH:309
BRDA:8,0,0,1
BRDA:8,0,1,1
BRDA:27,1,0,0
BRDA:42,2,0,0
BRDA:47,3,0,2
BRDA:47,3,1,2
BRDA:58,4,0,0
BRDA:70,5,0,1
BRDA:70,6,0,2
BRDA:70,6,1,1
BRDA:81,7,0,1
BRDA:81,7,1,1
BRDA:82,8,0,1
BRDA:82,8,1,1
BRDA:83,9,0,1
BRDA:83,9,1,0
BRDA:84,10,0,1
BRDA:84,10,1,0
BRDA:91,11,0,0
BRDA:128,12,0,0
BRDA:135,13,0,1
BRDA:135,13,1,0
BRDA:151,14,0,1
BRDA:151,15,0,2
BRDA:151,15,1,1
BRDA:159,16,0,0
BRDA:177,17,0,0
BRDA:189,18,0,1
BRDA:189,19,0,2
BRDA:189,19,1,1
BRDA:198,20,0,0
BRDA:207,21,0,0
BRDA:209,22,0,0
BRDA:209,22,1,0
BRDA:222,23,0,0
BRDA:229,24,0,2
BRDA:229,24,1,2
BRDA:230,25,0,2
BRDA:230,25,1,2
BRDA:231,26,0,2
BRDA:231,26,1,2
BRDA:232,27,0,2
BRDA:232,27,1,2
BRDA:238,28,0,0
BRDA:248,29,0,0
BRDA:252,30,0,1
BRDA:252,30,1,1
BRDA:252,31,0,1
BRDA:252,31,1,1
BRDA:257,32,0,0
BRDA:330,33,0,1
BRDA:330,33,1,0
BRDA:332,34,0,0
BRDA:332,35,0,1
BRDA:332,35,1,1
BRDA:338,36,0,1
BRDA:338,36,1,1
BRDA:339,37,0,1
BRDA:339,37,1,1
BRDA:340,38,0,1
BRDA:340,38,1,1
BRDA:342,39,0,1
BRDA:342,40,0,1
BRDA:342,40,1,1
BRDA:344,41,0,1
BRDA:344,42,0,1
BRDA:344,42,1,1
BRDA:346,43,0,1
BRDA:346,44,0,1
BRDA:346,44,1,1
BRDA:353,45,0,1
BRDA:353,45,1,1
BRDA:354,46,0,1
BRDA:354,46,1,1
BRDA:356,47,0,1
BRDA:356,47,1,0
BRDA:357,48,0,1
BRDA:357,48,1,1
BRDA:358,49,0,1
BRDA:358,49,1,1
BRDA:359,50,0,1
BRDA:359,50,1,1
BRDA:362,51,0,1
BRDA:362,51,1,1
BRDA:363,52,0,1
BRDA:363,52,1,1
BRDA:365,53,0,1
BRDA:365,53,1,1
BRDA:366,54,0,1
BRDA:366,54,1,1
BRDA:371,55,0,0
BRDA:387,56,0,0
BRDA:405,57,0,2
BRDA:408,58,0,0
BRDA:409,59,0,1
BRDA:409,59,1,1
BRDA:409,59,2,1
BRDA:409,59,3,1
BRDA:413,60,0,0
BRDA:413,60,1,0
BRDA:414,61,0,0
BRDA:414,61,1,0
BRDA:415,62,0,0
BRDA:415,62,1,0
BRDA:427,63,0,0
BRDA:443,64,0,1
BRDA:443,64,1,0
BRDA:444,65,0,0
BRDA:444,66,0,1
BRDA:444,66,1,1
BRDA:455,67,0,0
BRDA:470,68,0,1
BRDA:470,68,1,0
BRDA:472,69,0,1
BRDA:481,70,0,0
BRDA:496,71,0,1
BRDA:496,71,1,0
BRDA:504,72,0,0
BRDA:517,73,0,1
BRDA:529,74,0,0
BRDA:544,75,0,0
BRDA:552,76,0,0
BRDA:552,77,0,2
BRDA:552,77,1,2
BRDA:556,78,0,1
BRDA:567,79,0,0
BRDA:585,80,0,0
BRDA:593,81,0,1
BRDA:593,82,0,3
BRDA:593,82,1,3
BRDA:601,83,0,2
BRDA:601,83,1,0
BRDA:602,84,0,2
BRDA:603,85,0,1
BRDA:603,86,0,2
BRDA:603,86,1,1
BRDA:606,87,0,0
BRDA:607,88,0,1
BRDA:607,88,1,1
BRDA:608,89,0,1
BRDA:608,89,1,0
BRDA:645,90,0,0
BRDA:650,91,0,1
BRDA:650,91,1,0
BRDA:651,92,0,1
BRDA:651,92,1,0
BRDA:652,93,0,1
BRDA:652,93,1,0
BRDA:653,94,0,1
BRDA:653,94,1,0
BRDA:654,95,0,1
BRDA:654,95,1,0
BRDA:655,96,0,1
BRDA:655,96,1,0
BRDA:767,97,0,0
BRDA:779,98,0,0
BRDA:789,99,0,2
BRDA:789,99,1,0
BRDA:792,100,0,1
BRDA:792,101,0,2
BRDA:792,101,1,2
BRDA:804,102,0,0
BRDA:804,102,1,1
BRDA:805,103,0,0
BRDA:805,103,1,1
BRDA:806,104,0,0
BRDA:806,104,1,1
BRDA:807,105,0,0
BRDA:807,105,1,1
BRDA:809,106,0,0
BRDA:809,106,1,1
BRDA:810,107,0,0
BRDA:810,107,1,1
BRDA:822,108,0,0
BRDA:828,109,0,1
BRDA:828,110,0,1
BRDA:828,110,1,0
BRDA:835,111,0,0
BRDA:835,111,1,1
BRDA:835,112,0,1
BRDA:835,112,1,1
BRDA:838,113,0,1
BRDA:838,113,1,0
BRDA:839,114,0,1
BRDA:839,114,1,0
BRDA:841,115,0,1
BRDA:841,115,1,0
BRDA:842,116,0,1
BRDA:843,117,0,0
BRDA:844,118,0,0
BRDA:845,119,0,0
BRDA:846,120,0,0
BRDA:854,121,0,0
BRDA:854,121,1,1
BRDA:924,122,0,0
BRDA:924,123,0,1
BRDA:924,123,1,1
BRDA:940,124,0,0
BRDA:940,125,0,1
BRDA:940,125,1,1
BRDA:946,126,0,1
BRDA:946,126,1,0
BRDA:962,127,0,0
BRDA:1035,128,0,0
BRDA:1040,129,0,0
BRDA:1050,130,0,0
BRDA:1056,131,0,1
BRDA:1056,131,1,0
BRDA:1057,132,0,1
BRDA:1057,132,1,0
BRDA:1075,133,0,0
BRDA:1075,134,0,1
BRDA:1075,134,1,1
BRDA:1086,135,0,0
BRDA:1086,136,0,1
BRDA:1086,136,1,1
BRDA:1100,137,0,0
BRDA:1106,138,0,1
BRDA:1106,139,0,1
BRDA:1106,139,1,0
BRDA:1113,140,0,0
BRDA:1113,140,1,1
BRDA:1113,141,0,1
BRDA:1113,141,1,1
BRDA:1116,142,0,1
BRDA:1116,142,1,0
BRDA:1117,143,0,1
BRDA:1117,143,1,0
BRDA:1119,144,0,1
BRDA:1119,144,1,0
BRDA:1120,145,0,1
BRDA:1121,146,0,0
BRDA:1122,147,0,0
BRDA:1123,148,0,0
BRDA:1124,149,0,0
BRDA:1136,150,0,0
BRDA:1136,150,1,1
BRDA:1265,151,0,1
BRDA:1275,152,0,0
BRDA:1295,153,0,0
BRDA:1315,154,0,0
BRDA:1348,155,0,0
BRDA:1349,156,0,0
BRDA:1350,157,0,0
BRDA:1351,158,0,0
BRDA:1352,159,0,0
BRDA:1357,160,0,0
BRDA:1360,161,0,2
BRDA:1360,161,1,0
BRDA:1361,162,0,4
BRDA:1361,162,1,0
BRDA:1362,163,0,2
BRDA:1363,164,0,1
BRDA:1363,165,0,2
BRDA:1363,165,1,1
BRDA:1364,166,0,0
BRDA:1365,167,0,1
BRDA:1365,168,0,1
BRDA:1365,168,1,0
BRDA:1372,169,0,2
BRDA:1372,169,1,0
BRDA:1378,170,0,2
BRDA:1378,170,1,0
BRDA:1382,171,0,2
BRDA:1382,171,1,0
BRDA:1388,172,0,2
BRDA:1388,172,1,0
BRDA:1397,173,0,2
BRDA:1397,173,1,0
BRDA:1400,174,0,2
BRDA:1400,174,1,0
BRDA:1403,175,0,2
BRDA:1403,175,1,0
BRDA:1405,176,0,3
BRDA:1405,176,1,0
BRDA:1406,177,0,3
BRDA:1406,177,1,0
BRDA:1407,178,0,3
BRDA:1407,178,1,0
BRDA:1411,179,0,0
BRDA:1415,180,0,0
BRDA:1415,180,1,0
BRDA:1418,181,0,0
BRDA:1418,181,1,0
BRDA:1418,181,2,0
BRDA:1418,181,3,0
BRDA:1420,182,0,0
BRDA:1420,182,1,0
BRDA:1420,182,2,0
BRDA:1422,183,0,0
BRDA:1422,183,1,0
BRDA:1432,184,0,2
BRDA:1432,184,1,2
BRDA:1531,185,0,1
BRDA:1538,186,0,0
BRDA:1538,186,1,1
BRDA:1538,187,0,1
BRDA:1538,187,1,0
BRDA:1542,188,0,0
BRDA:1542,188,1,1
BRDA:1545,189,0,1
BRDA:1545,189,1,1
BRDA:1546,190,0,1
BRDA:1546,190,1,0
BRDA:1550,191,0,1
BRDA:1552,192,0,1
BRDA:1552,192,1,0
BRDA:1573,193,0,0
BRDA:1573,193,1,0
BRDA:1583,194,0,0
BRDA:1592,195,0,0
BRDA:1592,195,1,0
BRDA:1596,196,0,0
BRDA:1608,197,0,0
BRDA:1617,198,0,0
BRDA:1617,198,1,0
BRDA:1619,199,0,0
BRDA:1619,199,1,0
BRDA:1620,200,0,0
BRDA:1620,200,1,0
BRDA:1621,201,0,0
BRDA:1621,201,1,0
BRDA:1622,202,0,0
BRDA:1622,202,1,0
BRDA:1624,203,0,0
BRDA:1624,203,1,0
BRDA:1624,203,2,0
BRDA:1624,203,3,0
BRDA:1624,203,4,0
BRDA:1624,203,5,0
BRDA:1633,204,0,0
BRDA:1633,204,1,0
BRDA:1634,205,0,0
BRDA:1634,205,1,0
BRDA:1637,206,0,0
BRDA:1637,206,1,0
BRDA:1638,207,0,0
BRDA:1638,207,1,0
BRDA:1639,208,0,0
BRDA:1639,208,1,0
BRDA:1642,209,0,0
BRDA:1642,209,1,0
BRDA:1643,210,0,0
BRDA:1643,210,1,0
BRDA:1645,211,0,0
BRDA:1645,211,1,0
BRDA:1648,212,0,0
BRDA:1648,212,1,0
BRDA:1649,213,0,0
BRDA:1649,213,1,0
BRDA:1650,214,0,0
BRDA:1650,214,1,0
BRDA:1651,215,0,0
BRDA:1651,215,1,0
BRDA:1666,216,0,0
BRF:355
BRH:172
end_of_record
