TN:
SF:server.ts
FN:15,(anonymous_1)
FN:19,(anonymous_2)
FN:24,(anonymous_3)
FN:35,(anonymous_4)
FN:53,(anonymous_5)
FN:67,(anonymous_6)
FN:105,(anonymous_7)
FN:133,(anonymous_8)
FN:148,(anonymous_9)
FN:168,(anonymous_10)
FN:186,(anonymous_11)
FN:206,parseMinute
FN:213,getOrCreateTeamByName
FN:243,getOrCreateVenue
FN:307,(anonymous_15)
FN:384,(anonymous_16)
FN:440,(anonymous_17)
FN:467,(anonymous_18)
FN:493,(anonymous_19)
FN:512,(anonymous_20)
FN:541,(anonymous_21)
FN:582,(anonymous_22)
FN:757,(anonymous_23)
FN:776,(anonymous_24)
FN:915,(anonymous_25)
FN:1022,(anonymous_26)
FN:1071,(anonymous_27)
FN:1261,(anonymous_28)
FN:1285,(anonymous_29)
FN:1305,(anonymous_30)
FN:1324,(anonymous_31)
FN:1360,(anonymous_32)
FN:1373,(anonymous_33)
FN:1378,(anonymous_34)
FN:1397,(anonymous_35)
FN:1400,(anonymous_36)
FN:1403,(anonymous_37)
FN:1413,(anonymous_38)
FN:1529,parseLimit
FN:1535,(anonymous_40)
FN:1593,(anonymous_41)
FN:1594,(anonymous_42)
FN:1618,(anonymous_43)
FN:1667,(anonymous_44)
FNF:44
FNH:44
FNDA:1,(anonymous_1)
FNDA:2,(anonymous_2)
FNDA:2,(anonymous_3)
FNDA:3,(anonymous_4)
FNDA:2,(anonymous_5)
FNDA:3,(anonymous_6)
FNDA:2,(anonymous_7)
FNDA:2,(anonymous_8)
FNDA:3,(anonymous_9)
FNDA:2,(anonymous_10)
FNDA:3,(anonymous_11)
FNDA:1,parseMinute
FNDA:3,getOrCreateTeamByName
FNDA:2,getOrCreateVenue
FNDA:2,(anonymous_15)
FNDA:2,(anonymous_16)
FNDA:2,(anonymous_17)
FNDA:2,(anonymous_18)
FNDA:2,(anonymous_19)
FNDA:3,(anonymous_20)
FNDA:3,(anonymous_21)
FNDA:4,(anonymous_22)
FNDA:1,(anonymous_23)
FNDA:3,(anonymous_24)
FNDA:2,(anonymous_25)
FNDA:2,(anonymous_26)
FNDA:2,(anonymous_27)
FNDA:3,(anonymous_28)
FNDA:2,(anonymous_29)
FNDA:2,(anonymous_30)
FNDA:3,(anonymous_31)
FNDA:5,(anonymous_32)
FNDA:4,(anonymous_33)
FNDA:4,(anonymous_34)
FNDA:5,(anonymous_35)
FNDA:3,(anonymous_36)
FNDA:4,(anonymous_37)
FNDA:1,(anonymous_38)
FNDA:2,parseLimit
FNDA:2,(anonymous_40)
FNDA:1,(anonymous_41)
FNDA:1,(anonymous_42)
FNDA:1,(anonymous_43)
FNDA:1,(anonymous_44)
DA:1,1
DA:2,1
DA:4,1
DA:5,1
DA:7,1
DA:8,1
DA:9,1
DA:11,1
DA:12,1
DA:13,1
DA:15,1
DA:16,1
DA:19,1
DA:20,2
DA:24,1
DA:25,2
DA:27,2
DA:28,1
DA:29,1
DA:32,2
DA:35,1
DA:36,3
DA:37,3
DA:42,3
DA:43,1
DA:44,1
DA:47,3
DA:49,3
DA:53,1
DA:54,2
DA:58,2
DA:59,1
DA:60,1
DA:63,2
DA:67,1
DA:68,3
DA:70,3
DA:71,2
DA:74,2
DA:76,2
DA:91,2
DA:92,1
DA:93,1
DA:96,2
DA:98,1
DA:99,1
DA:105,1
DA:106,2
DA:108,2
DA:123,2
DA:128,2
DA:129,1
DA:130,1
DA:133,2
DA:139,2
DA:144,2
DA:148,1
DA:149,3
DA:151,3
DA:152,2
DA:155,2
DA:159,2
DA:160,1
DA:161,1
DA:164,2
DA:168,1
DA:169,2
DA:171,2
DA:177,2
DA:178,1
DA:179,1
DA:182,2
DA:186,1
DA:187,3
DA:188,3
DA:189,3
DA:190,2
DA:192,2
DA:198,2
DA:199,1
DA:200,1
DA:203,2
DA:207,1
DA:208,1
DA:209,1
DA:222,3
DA:224,3
DA:238,3
DA:239,3
DA:248,2
DA:249,2
DA:257,2
DA:258,2
DA:263,1
DA:307,1
DA:308,2
DA:330,2
DA:332,2
DA:333,1
DA:338,2
DA:339,2
DA:340,2
DA:342,2
DA:343,2
DA:344,2
DA:345,2
DA:346,2
DA:347,2
DA:349,2
DA:371,2
DA:372,2
DA:374,1
DA:375,1
DA:384,1
DA:385,2
DA:386,2
DA:387,2
DA:389,2
DA:390,2
DA:405,14
DA:408,2
DA:412,1
DA:417,1
DA:420,2
DA:427,2
DA:428,2
DA:430,1
DA:431,1
DA:440,1
DA:441,2
DA:442,2
DA:443,2
DA:444,2
DA:445,1
DA:449,2
DA:455,2
DA:456,2
DA:458,1
DA:459,1
DA:467,1
DA:468,2
DA:469,2
DA:470,2
DA:471,2
DA:472,2
DA:474,2
DA:481,2
DA:482,2
DA:484,1
DA:485,1
DA:493,1
DA:494,2
DA:495,2
DA:496,2
DA:497,2
DA:504,2
DA:505,2
DA:507,1
DA:508,1
DA:512,1
DA:513,3
DA:514,3
DA:517,3
DA:518,2
DA:521,2
DA:522,2
DA:529,2
DA:530,1
DA:531,1
DA:534,2
DA:536,1
DA:537,1
DA:541,1
DA:542,3
DA:543,3
DA:544,3
DA:546,3
DA:552,3
DA:553,1
DA:556,3
DA:557,2
DA:562,2
DA:567,2
DA:568,1
DA:571,2
DA:573,1
DA:574,1
DA:582,1
DA:583,4
DA:584,4
DA:585,4
DA:588,4
DA:593,4
DA:594,2
DA:597,3
DA:601,3
DA:602,3
DA:603,3
DA:604,2
DA:606,2
DA:610,1
DA:615,2
DA:636,2
DA:645,2
DA:648,2
DA:658,2
DA:666,2
DA:668,1
DA:669,1
DA:757,1
DA:758,1
DA:759,1
DA:760,1
DA:762,1
DA:767,1
DA:769,1
DA:771,1
DA:772,1
DA:776,1
DA:777,3
DA:778,3
DA:779,3
DA:789,3
DA:792,3
DA:793,2
DA:794,2
DA:802,2
DA:813,2
DA:816,2
DA:822,2
DA:823,1
DA:824,1
DA:828,2
DA:829,2
DA:835,2
DA:836,1
DA:838,2
DA:839,2
DA:841,2
DA:842,2
DA:843,2
DA:844,1
DA:845,1
DA:846,1
DA:849,2
DA:854,2
DA:855,1
DA:857,2
DA:862,2
DA:864,1
DA:865,1
DA:915,1
DA:916,2
DA:917,2
DA:918,2
DA:920,2
DA:921,2
DA:922,2
DA:924,2
DA:925,1
DA:926,1
DA:932,2
DA:938,2
DA:940,2
DA:941,1
DA:942,1
DA:946,2
DA:947,2
DA:949,2
DA:953,2
DA:962,2
DA:963,1
DA:964,1
DA:967,2
DA:968,2
DA:970,1
DA:971,1
DA:1022,1
DA:1023,2
DA:1024,2
DA:1026,2
DA:1027,2
DA:1035,2
DA:1036,1
DA:1037,1
DA:1040,2
DA:1041,1
DA:1044,2
DA:1050,2
DA:1051,1
DA:1052,1
DA:1056,2
DA:1057,2
DA:1059,2
DA:1061,1
DA:1062,1
DA:1071,1
DA:1072,2
DA:1073,2
DA:1074,2
DA:1075,2
DA:1076,1
DA:1079,2
DA:1086,2
DA:1087,1
DA:1088,1
DA:1091,2
DA:1094,2
DA:1100,2
DA:1101,1
DA:1102,1
DA:1106,2
DA:1107,2
DA:1113,2
DA:1114,1
DA:1116,2
DA:1117,2
DA:1119,2
DA:1120,2
DA:1121,2
DA:1122,1
DA:1123,1
DA:1124,1
DA:1128,2
DA:1129,2
DA:1131,2
DA:1136,2
DA:1137,1
DA:1142,2
DA:1150,2
DA:1152,1
DA:1153,1
DA:1261,1
DA:1262,3
DA:1263,3
DA:1265,3
DA:1266,2
DA:1269,2
DA:1270,2
DA:1275,2
DA:1277,2
DA:1279,1
DA:1280,1
DA:1285,1
DA:1286,2
DA:1288,2
DA:1289,2
DA:1295,2
DA:1297,2
DA:1299,1
DA:1300,1
DA:1305,1
DA:1306,2
DA:1308,2
DA:1309,2
DA:1315,2
DA:1317,2
DA:1319,1
DA:1320,1
DA:1324,1
DA:1325,3
DA:1335,3
DA:1346,3
DA:1348,3
DA:1349,3
DA:1350,3
DA:1351,3
DA:1352,3
DA:1354,3
DA:1356,3
DA:1357,3
DA:1360,3
DA:1361,5
DA:1362,5
DA:1363,3
DA:1364,2
DA:1365,2
DA:1366,1
DA:1370,3
DA:1373,4
DA:1377,3
DA:1378,4
DA:1381,3
DA:1396,3
DA:1397,5
DA:1399,3
DA:1400,3
DA:1403,4
DA:1411,3
DA:1412,1
DA:1413,1
DA:1414,1
DA:1415,1
DA:1416,1
DA:1418,1
DA:1420,1
DA:1422,1
DA:1424,1
DA:1426,1
DA:1431,3
DA:1435,3
DA:1437,1
DA:1438,1
DA:1458,1
DA:1494,1
DA:1530,2
DA:1531,2
DA:1532,1
DA:1535,1
DA:1536,2
DA:1538,2
DA:1542,2
DA:1543,2
DA:1545,2
DA:1550,2
DA:1551,2
DA:1554,2
DA:1563,1
DA:1564,1
DA:1573,1
DA:1574,1
DA:1575,1
DA:1577,1
DA:1578,1
DA:1581,1
DA:1582,1
DA:1583,1
DA:1584,1
DA:1585,1
DA:1586,1
DA:1591,1
DA:1592,1
DA:1593,1
DA:1594,1
DA:1596,1
DA:1597,1
DA:1600,1
DA:1606,1
DA:1607,1
DA:1608,1
DA:1609,1
DA:1610,1
DA:1611,1
DA:1616,1
DA:1617,1
DA:1619,1
DA:1620,1
DA:1621,1
DA:1622,1
DA:1624,1
DA:1631,1
DA:1633,1
DA:1636,1
DA:1656,1
DA:1658,1
DA:1659,1
DA:1666,1
DA:1667,1
DA:1668,1
DA:1672,1
LF:460
LH:460
BRDA:8,0,0,1
BRDA:8,0,1,1
BRDA:27,1,0,1
BRDA:42,2,0,1
BRDA:47,3,0,1
BRDA:47,3,1,1
BRDA:58,4,0,1
BRDA:70,5,0,1
BRDA:70,6,0,1
BRDA:70,6,1,1
BRDA:81,7,0,1
BRDA:81,7,1,1
BRDA:82,8,0,1
BRDA:82,8,1,1
BRDA:83,9,0,1
BRDA:83,9,1,1
BRDA:84,10,0,1
BRDA:84,10,1,1
BRDA:91,11,0,1
BRDA:128,12,0,1
BRDA:135,13,0,1
BRDA:135,13,1,1
BRDA:151,14,0,1
BRDA:151,15,0,1
BRDA:151,15,1,1
BRDA:159,16,0,1
BRDA:177,17,0,1
BRDA:189,18,0,1
BRDA:189,19,0,1
BRDA:189,19,1,1
BRDA:198,20,0,1
BRDA:207,21,0,1
BRDA:209,22,0,1
BRDA:209,22,1,1
BRDA:222,23,0,1
BRDA:229,24,0,1
BRDA:229,24,1,1
BRDA:230,25,0,1
BRDA:230,25,1,1
BRDA:231,26,0,1
BRDA:231,26,1,1
BRDA:232,27,0,1
BRDA:232,27,1,1
BRDA:238,28,0,1
BRDA:248,29,0,1
BRDA:252,30,0,1
BRDA:252,30,1,1
BRDA:252,31,0,1
BRDA:252,31,1,1
BRDA:257,32,0,1
BRDA:330,33,0,1
BRDA:330,33,1,1
BRDA:332,34,0,1
BRDA:332,35,0,1
BRDA:332,35,1,1
BRDA:338,36,0,1
BRDA:338,36,1,1
BRDA:339,37,0,1
BRDA:339,37,1,1
BRDA:340,38,0,1
BRDA:340,38,1,1
BRDA:342,39,0,1
BRDA:342,40,0,1
BRDA:342,40,1,1
BRDA:344,41,0,1
BRDA:344,42,0,1
BRDA:344,42,1,1
BRDA:346,43,0,1
BRDA:346,44,0,1
BRDA:346,44,1,1
BRDA:353,45,0,1
BRDA:353,45,1,1
BRDA:354,46,0,1
BRDA:354,46,1,1
BRDA:356,47,0,1
BRDA:356,47,1,1
BRDA:357,48,0,1
BRDA:357,48,1,1
BRDA:358,49,0,1
BRDA:358,49,1,1
BRDA:359,50,0,1
BRDA:359,50,1,1
BRDA:362,51,0,1
BRDA:362,51,1,1
BRDA:363,52,0,1
BRDA:363,52,1,1
BRDA:365,53,0,1
BRDA:365,53,1,1
BRDA:366,54,0,1
BRDA:366,54,1,1
BRDA:371,55,0,1
BRDA:387,56,0,1
BRDA:405,57,0,1
BRDA:408,58,0,1
BRDA:409,59,0,1
BRDA:409,59,1,1
BRDA:409,59,2,1
BRDA:409,59,3,1
BRDA:413,60,0,1
BRDA:413,60,1,1
BRDA:414,61,0,1
BRDA:414,61,1,1
BRDA:415,62,0,1
BRDA:415,62,1,1
BRDA:427,63,0,1
BRDA:443,64,0,1
BRDA:443,64,1,1
BRDA:444,65,0,1
BRDA:444,66,0,1
BRDA:444,66,1,1
BRDA:455,67,0,1
BRDA:470,68,0,1
BRDA:470,68,1,1
BRDA:472,69,0,1
BRDA:481,70,0,1
BRDA:496,71,0,1
BRDA:496,71,1,1
BRDA:504,72,0,1
BRDA:517,73,0,1
BRDA:529,74,0,1
BRDA:544,75,0,1
BRDA:552,76,0,1
BRDA:552,77,0,1
BRDA:552,77,1,1
BRDA:556,78,0,1
BRDA:567,79,0,1
BRDA:585,80,0,1
BRDA:593,81,0,1
BRDA:593,82,0,1
BRDA:593,82,1,1
BRDA:601,83,0,1
BRDA:601,83,1,1
BRDA:602,84,0,1
BRDA:603,85,0,1
BRDA:603,86,0,1
BRDA:603,86,1,1
BRDA:606,87,0,1
BRDA:607,88,0,1
BRDA:607,88,1,1
BRDA:608,89,0,1
BRDA:608,89,1,1
BRDA:645,90,0,1
BRDA:650,91,0,1
BRDA:650,91,1,1
BRDA:651,92,0,1
BRDA:651,92,1,1
BRDA:652,93,0,1
BRDA:652,93,1,1
BRDA:653,94,0,1
BRDA:653,94,1,1
BRDA:654,95,0,1
BRDA:654,95,1,1
BRDA:655,96,0,1
BRDA:655,96,1,1
BRDA:767,97,0,1
BRDA:779,98,0,1
BRDA:789,99,0,1
BRDA:789,99,1,1
BRDA:792,100,0,1
BRDA:792,101,0,1
BRDA:792,101,1,1
BRDA:804,102,0,1
BRDA:804,102,1,1
BRDA:805,103,0,1
BRDA:805,103,1,1
BRDA:806,104,0,1
BRDA:806,104,1,1
BRDA:807,105,0,1
BRDA:807,105,1,1
BRDA:809,106,0,1
BRDA:809,106,1,1
BRDA:810,107,0,1
BRDA:810,107,1,1
BRDA:822,108,0,1
BRDA:828,109,0,1
BRDA:828,110,0,1
BRDA:828,110,1,1
BRDA:835,111,0,1
BRDA:835,111,1,1
BRDA:835,112,0,1
BRDA:835,112,1,1
BRDA:838,113,0,1
BRDA:838,113,1,1
BRDA:839,114,0,1
BRDA:839,114,1,1
BRDA:841,115,0,1
BRDA:841,115,1,1
BRDA:842,116,0,1
BRDA:843,117,0,1
BRDA:844,118,0,1
BRDA:845,119,0,1
BRDA:846,120,0,1
BRDA:854,121,0,1
BRDA:854,121,1,1
BRDA:924,122,0,1
BRDA:924,123,0,1
BRDA:924,123,1,1
BRDA:940,124,0,1
BRDA:940,125,0,1
BRDA:940,125,1,1
BRDA:946,126,0,1
BRDA:946,126,1,1
BRDA:962,127,0,1
BRDA:1035,128,0,1
BRDA:1040,129,0,1
BRDA:1050,130,0,1
BRDA:1056,131,0,1
BRDA:1056,131,1,1
BRDA:1057,132,0,1
BRDA:1057,132,1,1
BRDA:1075,133,0,1
BRDA:1075,134,0,1
BRDA:1075,134,1,1
BRDA:1086,135,0,1
BRDA:1086,136,0,1
BRDA:1086,136,1,1
BRDA:1100,137,0,1
BRDA:1106,138,0,1
BRDA:1106,139,0,1
BRDA:1106,139,1,1
BRDA:1113,140,0,1
BRDA:1113,140,1,1
BRDA:1113,141,0,1
BRDA:1113,141,1,1
BRDA:1116,142,0,1
BRDA:1116,142,1,1
BRDA:1117,143,0,1
BRDA:1117,143,1,1
BRDA:1119,144,0,1
BRDA:1119,144,1,1
BRDA:1120,145,0,1
BRDA:1121,146,0,1
BRDA:1122,147,0,1
BRDA:1123,148,0,1
BRDA:1124,149,0,1
BRDA:1136,150,0,1
BRDA:1136,150,1,1
BRDA:1265,151,0,1
BRDA:1275,152,0,1
BRDA:1295,153,0,1
BRDA:1315,154,0,1
BRDA:1348,155,0,1
BRDA:1349,156,0,1
BRDA:1350,157,0,1
BRDA:1351,158,0,1
BRDA:1352,159,0,1
BRDA:1357,160,0,1
BRDA:1360,161,0,1
BRDA:1360,161,1,1
BRDA:1361,162,0,1
BRDA:1361,162,1,1
BRDA:1362,163,0,1
BRDA:1363,164,0,1
BRDA:1363,165,0,1
BRDA:1363,165,1,1
BRDA:1364,166,0,1
BRDA:1365,167,0,1
BRDA:1365,168,0,1
BRDA:1365,168,1,1
BRDA:1372,169,0,1
BRDA:1372,169,1,1
BRDA:1378,170,0,1
BRDA:1378,170,1,1
BRDA:1382,171,0,1
BRDA:1382,171,1,1
BRDA:1388,172,0,1
BRDA:1388,172,1,1
BRDA:1397,173,0,1
BRDA:1397,173,1,1
BRDA:1400,174,0,1
BRDA:1400,174,1,1
BRDA:1403,175,0,1
BRDA:1403,175,1,1
BRDA:1405,176,0,1
BRDA:1405,176,1,1
BRDA:1406,177,0,1
BRDA:1406,177,1,1
BRDA:1407,178,0,1
BRDA:1407,178,1,1
BRDA:1411,179,0,1
BRDA:1415,180,0,1
BRDA:1415,180,1,1
BRDA:1418,181,0,1
BRDA:1418,181,1,1
BRDA:1418,181,2,1
BRDA:1418,181,3,1
BRDA:1420,182,0,1
BRDA:1420,182,1,1
BRDA:1420,182,2,1
BRDA:1422,183,0,1
BRDA:1422,183,1,1
BRDA:1432,184,0,1
BRDA:1432,184,1,1
BRDA:1531,185,0,1
BRDA:1538,186,0,1
BRDA:1538,186,1,1
BRDA:1538,187,0,1
BRDA:1538,187,1,1
BRDA:1542,188,0,1
BRDA:1542,188,1,1
BRDA:1545,189,0,1
BRDA:1545,189,1,1
BRDA:1546,190,0,1
BRDA:1546,190,1,1
BRDA:1550,191,0,1
BRDA:1552,192,0,1
BRDA:1552,192,1,1
BRDA:1573,193,0,1
BRDA:1573,193,1,1
BRDA:1583,194,0,1
BRDA:1592,195,0,1
BRDA:1592,195,1,1
BRDA:1596,196,0,1
BRDA:1608,197,0,1
BRDA:1617,198,0,1
BRDA:1617,198,1,1
BRDA:1619,199,0,1
BRDA:1619,199,1,1
BRDA:1620,200,0,1
BRDA:1620,200,1,1
BRDA:1621,201,0,1
BRDA:1621,201,1,1
BRDA:1622,202,0,1
BRDA:1622,202,1,1
BRDA:1624,203,0,1
BRDA:1624,203,1,1
BRDA:1624,203,2,1
BRDA:1624,203,3,1
BRDA:1624,203,4,1
BRDA:1624,203,5,1
BRDA:1633,204,0,1
BRDA:1633,204,1,1
BRDA:1634,205,0,1
BRDA:1634,205,1,1
BRDA:1637,206,0,1
BRDA:1637,206,1,1
BRDA:1638,207,0,1
BRDA:1638,207,1,1
BRDA:1639,208,0,1
BRDA:1639,208,1,1
BRDA:1642,209,0,1
BRDA:1642,209,1,1
BRDA:1643,210,0,1
BRDA:1643,210,1,1
BRDA:1645,211,0,1
BRDA:1645,211,1,1
BRDA:1648,212,0,1
BRDA:1648,212,1,1
BRDA:1649,213,0,1
BRDA:1649,213,1,1
BRDA:1650,214,0,1
BRDA:1650,214,1,1
BRDA:1651,215,0,1
BRDA:1651,215,1,1
BRDA:1666,216,0,1
BRF:355
BRH:355
end_of_record
