{"C:\\Users\\matth\\OneDrive\\Desktop\\SDP Project\\SDP 2\\SDP\\client\\src\\App.tsx": {"path":"C:\\Users\\matth\\OneDrive\\Desktop\\SDP Project\\SDP 2\\SDP\\client\\src\\App.tsx","statementMap":{"0":{"start":{"line":12,"column":2},"end":{"line":30,"column":4}}},"fnMap":{"0":{"name":"App","decl":{"start":{"line":11,"column":9},"end":{"line":11,"column":12}},"loc":{"start":{"line":11,"column":12},"end":{"line":31,"column":1}}}},"branchMap":{},"s":{"0":0},"f":{"0":0},"b":{}}
,"C:\\Users\\matth\\OneDrive\\Desktop\\SDP Project\\SDP 2\\SDP\\client\\src\\Layout.tsx": {"path":"C:\\Users\\matth\\OneDrive\\Desktop\\SDP Project\\SDP 2\\SDP\\client\\src\\Layout.tsx","statementMap":{"0":{"start":{"line":4,"column":2},"end":{"line":10,"column":4}}},"fnMap":{"0":{"name":"Layout","decl":{"start":{"line":3,"column":16},"end":{"line":3,"column":22}},"loc":{"start":{"line":3,"column":22},"end":{"line":11,"column":1}}}},"branchMap":{},"s":{"0":0},"f":{"0":0},"b":{}}
,"C:\\Users\\matth\\OneDrive\\Desktop\\SDP Project\\SDP 2\\SDP\\client\\src\\config.ts": {"path":"C:\\Users\\matth\\OneDrive\\Desktop\\SDP Project\\SDP 2\\SDP\\client\\src\\config.ts","statementMap":{"0":{"start":{"line":1,"column":23},"end":{"line":1,"column":56}}},"fnMap":{},"branchMap":{},"s":{"0":0},"f":{},"b":{}}
,"C:\\Users\\matth\\OneDrive\\Desktop\\SDP Project\\SDP 2\\SDP\\client\\src\\main.tsx": {"path":"C:\\Users\\matth\\OneDrive\\Desktop\\SDP Project\\SDP 2\\SDP\\client\\src\\main.tsx","statementMap":{"0":{"start":{"line":6,"column":0},"end":{"line":10,"column":null}}},"fnMap":{},"branchMap":{},"s":{"0":0},"f":{},"b":{}}
,"C:\\Users\\matth\\OneDrive\\Desktop\\SDP Project\\SDP 2\\SDP\\client\\src\\Users\\ProfileContext.tsx": {"path":"C:\\Users\\matth\\OneDrive\\Desktop\\SDP Project\\SDP 2\\SDP\\client\\src\\Users\\ProfileContext.tsx","statementMap":{"0":{"start":{"line":19,"column":32},"end":{"line":24,"column":2}},"1":{"start":{"line":26,"column":23},"end":{"line":29,"column":2}},"2":{"start":{"line":31,"column":72},"end":{"line":88,"column":1}},"3":{"start":{"line":34,"column":19},"end":{"line":34,"column":28}},"4":{"start":{"line":35,"column":32},"end":{"line":35,"column":65}},"5":{"start":{"line":38,"column":32},"end":{"line":47,"column":3}},"6":{"start":{"line":41,"column":4},"end":{"line":46,"column":5}},"7":{"start":{"line":42,"column":18},"end":{"line":42,"column":67}},"8":{"start":{"line":43,"column":6},"end":{"line":43,"column":62}},"9":{"start":{"line":45,"column":6},"end":{"line":45,"column":20}},"10":{"start":{"line":49,"column":25},"end":{"line":74,"column":3}},"11":{"start":{"line":50,"column":4},"end":{"line":50,"column":32}},"12":{"start":{"line":50,"column":25},"end":{"line":50,"column":32}},"13":{"start":{"line":51,"column":21},"end":{"line":51,"column":51}},"14":{"start":{"line":53,"column":4},"end":{"line":73,"column":5}},"15":{"start":{"line":55,"column":18},"end":{"line":55,"column":72}},"16":{"start":{"line":56,"column":29},"end":{"line":61,"column":8}},"17":{"start":{"line":64,"column":6},"end":{"line":64,"column":24}},"18":{"start":{"line":67,"column":6},"end":{"line":70,"column":8}},"19":{"start":{"line":72,"column":6},"end":{"line":72,"column":54}},"20":{"start":{"line":77,"column":2},"end":{"line":81,"column":23}},"21":{"start":{"line":78,"column":4},"end":{"line":80,"column":5}},"22":{"start":{"line":79,"column":6},"end":{"line":79,"column":23}},"23":{"start":{"line":83,"column":2},"end":{"line":87,"column":4}},"24":{"start":{"line":90,"column":26},"end":{"line":90,"column":78}},"25":{"start":{"line":90,"column":52},"end":{"line":90,"column":78}}},"fnMap":{"0":{"name":"(anonymous_0)","decl":{"start":{"line":28,"column":18},"end":{"line":28,"column":23}},"loc":{"start":{"line":28,"column":29},"end":{"line":28,"column":32}}},"1":{"name":"(anonymous_1)","decl":{"start":{"line":31,"column":72},"end":{"line":31,"column":73}},"loc":{"start":{"line":33,"column":5},"end":{"line":88,"column":1}}},"2":{"name":"(anonymous_2)","decl":{"start":{"line":38,"column":32},"end":{"line":38,"column":37}},"loc":{"start":{"line":40,"column":48},"end":{"line":47,"column":3}}},"3":{"name":"(anonymous_3)","decl":{"start":{"line":49,"column":25},"end":{"line":49,"column":30}},"loc":{"start":{"line":49,"column":51},"end":{"line":74,"column":3}}},"4":{"name":"(anonymous_4)","decl":{"start":{"line":77,"column":12},"end":{"line":77,"column":15}},"loc":{"start":{"line":77,"column":17},"end":{"line":81,"column":3}}},"5":{"name":"(anonymous_5)","decl":{"start":{"line":90,"column":26},"end":{"line":90,"column":49}},"loc":{"start":{"line":90,"column":52},"end":{"line":90,"column":78}}}},"branchMap":{"0":{"loc":{"start":{"line":43,"column":13},"end":{"line":43,"column":61}},"type":"cond-expr","locations":[{"start":{"line":43,"column":39},"end":{"line":43,"column":49}},{"start":{"line":43,"column":52},"end":{"line":43,"column":61}}]},"1":{"loc":{"start":{"line":50,"column":4},"end":{"line":50,"column":32}},"type":"if","locations":[{"start":{"line":50,"column":4},"end":{"line":50,"column":32}},{"start":{},"end":{}}]},"2":{"loc":{"start":{"line":57,"column":20},"end":{"line":57,"column":59}},"type":"binary-expr","locations":[{"start":{"line":57,"column":20},"end":{"line":57,"column":52}},{"start":{"line":57,"column":56},"end":{"line":57,"column":59}}]},"3":{"loc":{"start":{"line":58,"column":15},"end":{"line":58,"column":38}},"type":"binary-expr","locations":[{"start":{"line":58,"column":15},"end":{"line":58,"column":32}},{"start":{"line":58,"column":36},"end":{"line":58,"column":38}}]},"4":{"loc":{"start":{"line":59,"column":15},"end":{"line":59,"column":40}},"type":"binary-expr","locations":[{"start":{"line":59,"column":15},"end":{"line":59,"column":32}},{"start":{"line":59,"column":36},"end":{"line":59,"column":40}}]},"5":{"loc":{"start":{"line":78,"column":4},"end":{"line":80,"column":5}},"type":"if","locations":[{"start":{"line":78,"column":4},"end":{"line":80,"column":5}},{"start":{},"end":{}}]}},"s":{"0":0,"1":0,"2":0,"3":0,"4":0,"5":0,"6":0,"7":0,"8":0,"9":0,"10":0,"11":0,"12":0,"13":0,"14":0,"15":0,"16":0,"17":0,"18":0,"19":0,"20":0,"21":0,"22":0,"23":0,"24":0,"25":0},"f":{"0":0,"1":0,"2":0,"3":0,"4":0,"5":0},"b":{"0":[0,0],"1":[0,0],"2":[0,0],"3":[0,0],"4":[0,0],"5":[0,0]}}
,"C:\\Users\\matth\\OneDrive\\Desktop\\SDP Project\\SDP 2\\SDP\\client\\src\\Users\\User.ts": {"path":"C:\\Users\\matth\\OneDrive\\Desktop\\SDP Project\\SDP 2\\SDP\\client\\src\\Users\\User.ts","statementMap":{"0":{"start":{"line":28,"column":4},"end":{"line":28,"column":17}},"1":{"start":{"line":34,"column":4},"end":{"line":34,"column":29}}},"fnMap":{"0":{"name":"(anonymous_0)","decl":{"start":{"line":10,"column":2},"end":{"line":10,"column":14}},"loc":{"start":{"line":27,"column":3},"end":{"line":35,"column":3}}}},"branchMap":{},"s":{"0":0,"1":0},"f":{"0":0},"b":{}}
,"C:\\Users\\matth\\OneDrive\\Desktop\\SDP Project\\SDP 2\\SDP\\client\\src\\Users\\UserContext.tsx": {"path":"C:\\Users\\matth\\OneDrive\\Desktop\\SDP Project\\SDP 2\\SDP\\client\\src\\Users\\UserContext.tsx","statementMap":{"0":{"start":{"line":12,"column":20},"end":{"line":12,"column":73}},"1":{"start":{"line":14,"column":69},"end":{"line":46,"column":1}},"2":{"start":{"line":17,"column":31},"end":{"line":17,"column":58}},"3":{"start":{"line":18,"column":34},"end":{"line":18,"column":46}},"4":{"start":{"line":21,"column":2},"end":{"line":28,"column":9}},"5":{"start":{"line":22,"column":23},"end":{"line":22,"column":51}},"6":{"start":{"line":23,"column":4},"end":{"line":27,"column":5}},"7":{"start":{"line":24,"column":21},"end":{"line":24,"column":43}},"8":{"start":{"line":25,"column":6},"end":{"line":25,"column":37}},"9":{"start":{"line":26,"column":6},"end":{"line":26,"column":31}},"10":{"start":{"line":30,"column":18},"end":{"line":39,"column":3}},"11":{"start":{"line":31,"column":4},"end":{"line":37,"column":5}},"12":{"start":{"line":32,"column":6},"end":{"line":32,"column":57}},"13":{"start":{"line":33,"column":6},"end":{"line":33,"column":51}},"14":{"start":{"line":35,"column":6},"end":{"line":35,"column":38}},"15":{"start":{"line":36,"column":6},"end":{"line":36,"column":22}},"16":{"start":{"line":38,"column":4},"end":{"line":38,"column":23}},"17":{"start":{"line":41,"column":2},"end":{"line":45,"column":4}},"18":{"start":{"line":48,"column":23},"end":{"line":54,"column":1}},"19":{"start":{"line":49,"column":18},"end":{"line":49,"column":41}},"20":{"start":{"line":50,"column":2},"end":{"line":52,"column":3}},"21":{"start":{"line":51,"column":4},"end":{"line":51,"column":66}},"22":{"start":{"line":53,"column":2},"end":{"line":53,"column":17}}},"fnMap":{"0":{"name":"(anonymous_0)","decl":{"start":{"line":14,"column":69},"end":{"line":14,"column":70}},"loc":{"start":{"line":16,"column":5},"end":{"line":46,"column":1}}},"1":{"name":"(anonymous_1)","decl":{"start":{"line":21,"column":12},"end":{"line":21,"column":15}},"loc":{"start":{"line":21,"column":17},"end":{"line":28,"column":3}}},"2":{"name":"(anonymous_2)","decl":{"start":{"line":30,"column":18},"end":{"line":30,"column":19}},"loc":{"start":{"line":30,"column":40},"end":{"line":39,"column":3}}},"3":{"name":"(anonymous_3)","decl":{"start":{"line":48,"column":23},"end":{"line":48,"column":43}},"loc":{"start":{"line":48,"column":45},"end":{"line":54,"column":1}}}},"branchMap":{"0":{"loc":{"start":{"line":23,"column":4},"end":{"line":27,"column":5}},"type":"if","locations":[{"start":{"line":23,"column":4},"end":{"line":27,"column":5}},{"start":{},"end":{}}]},"1":{"loc":{"start":{"line":31,"column":4},"end":{"line":37,"column":5}},"type":"if","locations":[{"start":{"line":31,"column":4},"end":{"line":37,"column":5}},{"start":{"line":34,"column":11},"end":{"line":37,"column":5}}]},"2":{"loc":{"start":{"line":33,"column":18},"end":{"line":33,"column":49}},"type":"binary-expr","locations":[{"start":{"line":33,"column":18},"end":{"line":33,"column":32}},{"start":{"line":33,"column":36},"end":{"line":33,"column":49}}]},"3":{"loc":{"start":{"line":50,"column":2},"end":{"line":52,"column":3}},"type":"if","locations":[{"start":{"line":50,"column":2},"end":{"line":52,"column":3}},{"start":{},"end":{}}]}},"s":{"0":0,"1":0,"2":0,"3":0,"4":0,"5":0,"6":0,"7":0,"8":0,"9":0,"10":0,"11":0,"12":0,"13":0,"14":0,"15":0,"16":0,"17":0,"18":0,"19":0,"20":0,"21":0,"22":0},"f":{"0":0,"1":0,"2":0,"3":0},"b":{"0":[0,0],"1":[0,0],"2":[0,0],"3":[0,0]}}
,"C:\\Users\\matth\\OneDrive\\Desktop\\SDP Project\\SDP 2\\SDP\\client\\src\\api\\espn.ts": {"path":"C:\\Users\\matth\\OneDrive\\Desktop\\SDP Project\\SDP 2\\SDP\\client\\src\\api\\espn.ts","statementMap":{"0":{"start":{"line":50,"column":2},"end":{"line":50,"column":73}},"1":{"start":{"line":54,"column":12},"end":{"line":54,"column":27}},"2":{"start":{"line":55,"column":12},"end":{"line":55,"column":53}},"3":{"start":{"line":56,"column":14},"end":{"line":56,"column":50}},"4":{"start":{"line":57,"column":2},"end":{"line":57,"column":26}},"5":{"start":{"line":61,"column":14},"end":{"line":61,"column":38}},"6":{"start":{"line":62,"column":2},"end":{"line":62,"column":64}},"7":{"start":{"line":62,"column":12},"end":{"line":62,"column":64}},"8":{"start":{"line":63,"column":14},"end":{"line":63,"column":41}},"9":{"start":{"line":64,"column":2},"end":{"line":64,"column":78}},"10":{"start":{"line":64,"column":15},"end":{"line":64,"column":78}},"11":{"start":{"line":65,"column":2},"end":{"line":65,"column":20}},"12":{"start":{"line":85,"column":2},"end":{"line":85,"column":67}},"13":{"start":{"line":88,"column":14},"end":{"line":88,"column":35}},"14":{"start":{"line":89,"column":2},"end":{"line":89,"column":72}},"15":{"start":{"line":89,"column":15},"end":{"line":89,"column":72}},"16":{"start":{"line":90,"column":2},"end":{"line":90,"column":20}},"17":{"start":{"line":104,"column":2},"end":{"line":104,"column":71}},"18":{"start":{"line":107,"column":17},"end":{"line":107,"column":72}},"19":{"start":{"line":107,"column":55},"end":{"line":107,"column":71}},"20":{"start":{"line":108,"column":23},"end":{"line":108,"column":88}},"21":{"start":{"line":108,"column":60},"end":{"line":108,"column":87}},"22":{"start":{"line":109,"column":2},"end":{"line":109,"column":38}},"23":{"start":{"line":112,"column":12},"end":{"line":112,"column":60}},"24":{"start":{"line":112,"column":27},"end":{"line":112,"column":60}},"25":{"start":{"line":112,"column":47},"end":{"line":112,"column":59}},"26":{"start":{"line":113,"column":14},"end":{"line":113,"column":74}},"27":{"start":{"line":113,"column":31},"end":{"line":113,"column":73}},"28":{"start":{"line":114,"column":19},"end":{"line":114,"column":62}},"29":{"start":{"line":115,"column":19},"end":{"line":115,"column":31}},"30":{"start":{"line":116,"column":15},"end":{"line":116,"column":45}},"31":{"start":{"line":117,"column":12},"end":{"line":117,"column":74}},"32":{"start":{"line":118,"column":12},"end":{"line":118,"column":60}},"33":{"start":{"line":119,"column":12},"end":{"line":119,"column":60}},"34":{"start":{"line":120,"column":12},"end":{"line":120,"column":64}},"35":{"start":{"line":122,"column":4},"end":{"line":123,"column":78}},"36":{"start":{"line":124,"column":14},"end":{"line":124,"column":66}},"37":{"start":{"line":125,"column":2},"end":{"line":125,"column":96}},"38":{"start":{"line":132,"column":17},"end":{"line":132,"column":29}},"39":{"start":{"line":133,"column":16},"end":{"line":133,"column":40}},"40":{"start":{"line":134,"column":31},"end":{"line":136,"column":60}},"41":{"start":{"line":137,"column":2},"end":{"line":155,"column":3}},"42":{"start":{"line":138,"column":16},"end":{"line":138,"column":39}},"43":{"start":{"line":139,"column":4},"end":{"line":139,"column":63}},"44":{"start":{"line":139,"column":16},"end":{"line":139,"column":63}},"45":{"start":{"line":140,"column":4},"end":{"line":140,"column":41}},"46":{"start":{"line":141,"column":4},"end":{"line":141,"column":73}},"47":{"start":{"line":141,"column":26},"end":{"line":141,"column":73}},"48":{"start":{"line":142,"column":16},"end":{"line":142,"column":43}},"49":{"start":{"line":143,"column":4},"end":{"line":143,"column":26}},"50":{"start":{"line":143,"column":17},"end":{"line":143,"column":26}},"51":{"start":{"line":144,"column":32},"end":{"line":144,"column":48}},"52":{"start":{"line":145,"column":20},"end":{"line":145,"column":40}},"53":{"start":{"line":146,"column":4},"end":{"line":154,"column":5}},"54":{"start":{"line":147,"column":19},"end":{"line":147,"column":38}},"55":{"start":{"line":148,"column":26},"end":{"line":148,"column":54}},"56":{"start":{"line":148,"column":44},"end":{"line":148,"column":53}},"57":{"start":{"line":149,"column":6},"end":{"line":152,"column":48}},"58":{"start":{"line":150,"column":8},"end":{"line":150,"column":90}},"59":{"start":{"line":150,"column":28},"end":{"line":150,"column":88}},"60":{"start":{"line":151,"column":8},"end":{"line":151,"column":48}},"61":{"start":{"line":151,"column":32},"end":{"line":151,"column":45}},"62":{"start":{"line":152,"column":13},"end":{"line":152,"column":48}},"63":{"start":{"line":152,"column":33},"end":{"line":152,"column":46}},"64":{"start":{"line":153,"column":6},"end":{"line":153,"column":18}},"65":{"start":{"line":156,"column":2},"end":{"line":156,"column":12}},"66":{"start":{"line":178,"column":2},"end":{"line":178,"column":27}},"67":{"start":{"line":178,"column":10},"end":{"line":178,"column":27}},"68":{"start":{"line":179,"column":12},"end":{"line":179,"column":36}},"69":{"start":{"line":180,"column":2},"end":{"line":180,"column":28}},"70":{"start":{"line":183,"column":2},"end":{"line":183,"column":38}},"71":{"start":{"line":183,"column":29},"end":{"line":183,"column":38}},"72":{"start":{"line":184,"column":2},"end":{"line":187,"column":3}},"73":{"start":{"line":185,"column":14},"end":{"line":185,"column":38}},"74":{"start":{"line":186,"column":4},"end":{"line":186,"column":31}},"75":{"start":{"line":186,"column":11},"end":{"line":186,"column":31}},"76":{"start":{"line":188,"column":2},"end":{"line":188,"column":19}},"77":{"start":{"line":191,"column":2},"end":{"line":191,"column":30}},"78":{"start":{"line":191,"column":13},"end":{"line":191,"column":30}},"79":{"start":{"line":192,"column":2},"end":{"line":192,"column":64}},"80":{"start":{"line":195,"column":2},"end":{"line":195,"column":59}},"81":{"start":{"line":198,"column":2},"end":{"line":198,"column":31}},"82":{"start":{"line":198,"column":14},"end":{"line":198,"column":31}},"83":{"start":{"line":199,"column":2},"end":{"line":213,"column":3}},"84":{"start":{"line":201,"column":6},"end":{"line":205,"column":22}},"85":{"start":{"line":206,"column":4},"end":{"line":206,"column":23}},"86":{"start":{"line":206,"column":14},"end":{"line":206,"column":23}},"87":{"start":{"line":207,"column":4},"end":{"line":212,"column":5}},"88":{"start":{"line":208,"column":6},"end":{"line":211,"column":7}},"89":{"start":{"line":209,"column":18},"end":{"line":209,"column":28}},"90":{"start":{"line":210,"column":8},"end":{"line":210,"column":38}},"91":{"start":{"line":210,"column":29},"end":{"line":210,"column":38}},"92":{"start":{"line":214,"column":2},"end":{"line":214,"column":19}},"93":{"start":{"line":217,"column":2},"end":{"line":217,"column":71}},"94":{"start":{"line":217,"column":54},"end":{"line":217,"column":71}},"95":{"start":{"line":218,"column":14},"end":{"line":218,"column":19}},"96":{"start":{"line":219,"column":2},"end":{"line":219,"column":59}},"97":{"start":{"line":224,"column":15},"end":{"line":224,"column":36}},"98":{"start":{"line":226,"column":42},"end":{"line":226,"column":44}},"99":{"start":{"line":227,"column":2},"end":{"line":231,"column":5}},"100":{"start":{"line":228,"column":15},"end":{"line":228,"column":35}},"101":{"start":{"line":229,"column":15},"end":{"line":229,"column":36}},"102":{"start":{"line":230,"column":4},"end":{"line":230,"column":35}},"103":{"start":{"line":230,"column":18},"end":{"line":230,"column":35}},"104":{"start":{"line":233,"column":20},"end":{"line":233,"column":69}},"105":{"start":{"line":234,"column":22},"end":{"line":234,"column":92}},"106":{"start":{"line":235,"column":16},"end":{"line":235,"column":81}},"107":{"start":{"line":235,"column":49},"end":{"line":235,"column":63}},"108":{"start":{"line":237,"column":2},"end":{"line":247,"column":5}},"109":{"start":{"line":238,"column":19},"end":{"line":238,"column":86}},"110":{"start":{"line":240,"column":6},"end":{"line":242,"column":56}},"111":{"start":{"line":243,"column":19},"end":{"line":243,"column":30}},"112":{"start":{"line":244,"column":21},"end":{"line":244,"column":84}},"113":{"start":{"line":245,"column":21},"end":{"line":245,"column":63}},"114":{"start":{"line":246,"column":4},"end":{"line":246,"column":50}},"115":{"start":{"line":252,"column":15},"end":{"line":252,"column":36}},"116":{"start":{"line":253,"column":15},"end":{"line":253,"column":73}},"117":{"start":{"line":253,"column":51},"end":{"line":253,"column":72}},"118":{"start":{"line":254,"column":15},"end":{"line":254,"column":73}},"119":{"start":{"line":254,"column":51},"end":{"line":254,"column":72}},"120":{"start":{"line":255,"column":17},"end":{"line":255,"column":39}},"121":{"start":{"line":256,"column":17},"end":{"line":256,"column":39}},"122":{"start":{"line":259,"column":16},"end":{"line":259,"column":80}},"123":{"start":{"line":260,"column":16},"end":{"line":260,"column":80}},"124":{"start":{"line":261,"column":22},"end":{"line":262,"column":85}},"125":{"start":{"line":265,"column":18},"end":{"line":278,"column":3}},"126":{"start":{"line":266,"column":15},"end":{"line":266,"column":38}},"127":{"start":{"line":267,"column":15},"end":{"line":267,"column":38}},"128":{"start":{"line":268,"column":4},"end":{"line":276,"column":5}},"129":{"start":{"line":269,"column":6},"end":{"line":275,"column":22}},"130":{"start":{"line":277,"column":4},"end":{"line":277,"column":21}},"131":{"start":{"line":281,"column":4},"end":{"line":284,"column":55}},"132":{"start":{"line":286,"column":32},"end":{"line":286,"column":34}},"133":{"start":{"line":287,"column":2},"end":{"line":296,"column":3}},"134":{"start":{"line":288,"column":21},"end":{"line":288,"column":38}},"135":{"start":{"line":289,"column":4},"end":{"line":295,"column":7}},"136":{"start":{"line":297,"column":2},"end":{"line":297,"column":41}},"137":{"start":{"line":297,"column":17},"end":{"line":297,"column":41}},"138":{"start":{"line":300,"column":20},"end":{"line":300,"column":53}},"139":{"start":{"line":301,"column":20},"end":{"line":301,"column":53}},"140":{"start":{"line":303,"column":4},"end":{"line":310,"column":17}},"141":{"start":{"line":312,"column":2},"end":{"line":316,"column":4}}},"fnMap":{"0":{"name":"formatEspnDate","decl":{"start":{"line":53,"column":16},"end":{"line":53,"column":30}},"loc":{"start":{"line":53,"column":38},"end":{"line":58,"column":1}}},"1":{"name":"fetchScoreboard","decl":{"start":{"line":60,"column":22},"end":{"line":60,"column":37}},"loc":{"start":{"line":60,"column":49},"end":{"line":66,"column":1}}},"2":{"name":"fetchEplNews","decl":{"start":{"line":87,"column":22},"end":{"line":87,"column":34}},"loc":{"start":{"line":87,"column":34},"end":{"line":91,"column":1}}},"3":{"name":"extractEntries","decl":{"start":{"line":106,"column":9},"end":{"line":106,"column":23}},"loc":{"start":{"line":106,"column":43},"end":{"line":110,"column":1}}},"4":{"name":"(anonymous_4)","decl":{"start":{"line":107,"column":48},"end":{"line":107,"column":49}},"loc":{"start":{"line":107,"column":55},"end":{"line":107,"column":71}}},"5":{"name":"(anonymous_5)","decl":{"start":{"line":108,"column":53},"end":{"line":108,"column":54}},"loc":{"start":{"line":108,"column":60},"end":{"line":108,"column":87}}},"6":{"name":"mapRow","decl":{"start":{"line":111,"column":9},"end":{"line":111,"column":15}},"loc":{"start":{"line":111,"column":33},"end":{"line":126,"column":1}}},"7":{"name":"(anonymous_7)","decl":{"start":{"line":112,"column":12},"end":{"line":112,"column":13}},"loc":{"start":{"line":112,"column":27},"end":{"line":112,"column":60}}},"8":{"name":"(anonymous_8)","decl":{"start":{"line":112,"column":40},"end":{"line":112,"column":41}},"loc":{"start":{"line":112,"column":47},"end":{"line":112,"column":59}}},"9":{"name":"(anonymous_9)","decl":{"start":{"line":113,"column":14},"end":{"line":113,"column":15}},"loc":{"start":{"line":113,"column":31},"end":{"line":113,"column":73}}},"10":{"name":"fetchEplStandings","decl":{"start":{"line":127,"column":22},"end":{"line":127,"column":39}},"loc":{"start":{"line":131,"column":1},"end":{"line":157,"column":1}}},"11":{"name":"(anonymous_11)","decl":{"start":{"line":148,"column":37},"end":{"line":148,"column":38}},"loc":{"start":{"line":148,"column":44},"end":{"line":148,"column":53}}},"12":{"name":"(anonymous_12)","decl":{"start":{"line":150,"column":18},"end":{"line":150,"column":19}},"loc":{"start":{"line":150,"column":28},"end":{"line":150,"column":88}}},"13":{"name":"(anonymous_13)","decl":{"start":{"line":151,"column":21},"end":{"line":151,"column":22}},"loc":{"start":{"line":151,"column":32},"end":{"line":151,"column":45}}},"14":{"name":"(anonymous_14)","decl":{"start":{"line":152,"column":23},"end":{"line":152,"column":24}},"loc":{"start":{"line":152,"column":33},"end":{"line":152,"column":46}}},"15":{"name":"normalizeMinute","decl":{"start":{"line":177,"column":9},"end":{"line":177,"column":24}},"loc":{"start":{"line":177,"column":35},"end":{"line":181,"column":1}}},"16":{"name":"parseNum","decl":{"start":{"line":182,"column":9},"end":{"line":182,"column":17}},"loc":{"start":{"line":182,"column":28},"end":{"line":189,"column":1}}},"17":{"name":"valFrom","decl":{"start":{"line":190,"column":9},"end":{"line":190,"column":16}},"loc":{"start":{"line":190,"column":26},"end":{"line":193,"column":1}}},"18":{"name":"normKey","decl":{"start":{"line":194,"column":9},"end":{"line":194,"column":16}},"loc":{"start":{"line":194,"column":27},"end":{"line":196,"column":1}}},"19":{"name":"findStat","decl":{"start":{"line":197,"column":9},"end":{"line":197,"column":17}},"loc":{"start":{"line":197,"column":64},"end":{"line":215,"column":1}}},"20":{"name":"sharePct","decl":{"start":{"line":216,"column":9},"end":{"line":216,"column":17}},"loc":{"start":{"line":216,"column":40},"end":{"line":220,"column":1}}},"21":{"name":"extractScorersFromScoreboardEvent","decl":{"start":{"line":223,"column":16},"end":{"line":223,"column":49}},"loc":{"start":{"line":223,"column":57},"end":{"line":248,"column":1}}},"22":{"name":"(anonymous_22)","decl":{"start":{"line":227,"column":36},"end":{"line":227,"column":37}},"loc":{"start":{"line":227,"column":47},"end":{"line":231,"column":3}}},"23":{"name":"(anonymous_23)","decl":{"start":{"line":235,"column":37},"end":{"line":235,"column":38}},"loc":{"start":{"line":235,"column":49},"end":{"line":235,"column":63}}},"24":{"name":"(anonymous_24)","decl":{"start":{"line":237,"column":19},"end":{"line":237,"column":20}},"loc":{"start":{"line":237,"column":30},"end":{"line":247,"column":3}}},"25":{"name":"extractStatsFromScoreboardEvent","decl":{"start":{"line":251,"column":16},"end":{"line":251,"column":47}},"loc":{"start":{"line":251,"column":55},"end":{"line":317,"column":1}}},"26":{"name":"(anonymous_26)","decl":{"start":{"line":253,"column":39},"end":{"line":253,"column":40}},"loc":{"start":{"line":253,"column":51},"end":{"line":253,"column":72}}},"27":{"name":"(anonymous_27)","decl":{"start":{"line":254,"column":39},"end":{"line":254,"column":40}},"loc":{"start":{"line":254,"column":51},"end":{"line":254,"column":72}}},"28":{"name":"(anonymous_28)","decl":{"start":{"line":265,"column":18},"end":{"line":265,"column":19}},"loc":{"start":{"line":265,"column":53},"end":{"line":278,"column":3}}}},"branchMap":{"0":{"loc":{"start":{"line":62,"column":2},"end":{"line":62,"column":64}},"type":"if","locations":[{"start":{"line":62,"column":2},"end":{"line":62,"column":64}},{"start":{},"end":{}}]},"1":{"loc":{"start":{"line":64,"column":2},"end":{"line":64,"column":78}},"type":"if","locations":[{"start":{"line":64,"column":2},"end":{"line":64,"column":78}},{"start":{},"end":{}}]},"2":{"loc":{"start":{"line":89,"column":2},"end":{"line":89,"column":72}},"type":"if","locations":[{"start":{"line":89,"column":2},"end":{"line":89,"column":72}},{"start":{},"end":{}}]},"3":{"loc":{"start":{"line":107,"column":18},"end":{"line":107,"column":38}},"type":"binary-expr","locations":[{"start":{"line":107,"column":18},"end":{"line":107,"column":32}},{"start":{"line":107,"column":36},"end":{"line":107,"column":38}}]},"4":{"loc":{"start":{"line":107,"column":55},"end":{"line":107,"column":71}},"type":"binary-expr","locations":[{"start":{"line":107,"column":55},"end":{"line":107,"column":65}},{"start":{"line":107,"column":69},"end":{"line":107,"column":71}}]},"5":{"loc":{"start":{"line":108,"column":24},"end":{"line":108,"column":43}},"type":"binary-expr","locations":[{"start":{"line":108,"column":24},"end":{"line":108,"column":37}},{"start":{"line":108,"column":41},"end":{"line":108,"column":43}}]},"6":{"loc":{"start":{"line":108,"column":60},"end":{"line":108,"column":87}},"type":"binary-expr","locations":[{"start":{"line":108,"column":60},"end":{"line":108,"column":81}},{"start":{"line":108,"column":85},"end":{"line":108,"column":87}}]},"7":{"loc":{"start":{"line":113,"column":31},"end":{"line":113,"column":73}},"type":"cond-expr","locations":[{"start":{"line":113,"column":55},"end":{"line":113,"column":56}},{"start":{"line":113,"column":59},"end":{"line":113,"column":73}}]},"8":{"loc":{"start":{"line":113,"column":66},"end":{"line":113,"column":72}},"type":"binary-expr","locations":[{"start":{"line":113,"column":66},"end":{"line":113,"column":67}},{"start":{"line":113,"column":71},"end":{"line":113,"column":72}}]},"9":{"loc":{"start":{"line":114,"column":19},"end":{"line":114,"column":62}},"type":"binary-expr","locations":[{"start":{"line":114,"column":19},"end":{"line":114,"column":35}},{"start":{"line":114,"column":39},"end":{"line":114,"column":62}}]},"10":{"loc":{"start":{"line":116,"column":19},"end":{"line":116,"column":44}},"type":"binary-expr","locations":[{"start":{"line":116,"column":19},"end":{"line":116,"column":27}},{"start":{"line":116,"column":31},"end":{"line":116,"column":39}},{"start":{"line":116,"column":43},"end":{"line":116,"column":44}}]},"11":{"loc":{"start":{"line":117,"column":16},"end":{"line":117,"column":73}},"type":"binary-expr","locations":[{"start":{"line":117,"column":16},"end":{"line":117,"column":39}},{"start":{"line":117,"column":43},"end":{"line":117,"column":73}}]},"12":{"loc":{"start":{"line":118,"column":16},"end":{"line":118,"column":59}},"type":"binary-expr","locations":[{"start":{"line":118,"column":16},"end":{"line":118,"column":32}},{"start":{"line":118,"column":36},"end":{"line":118,"column":59}}]},"13":{"loc":{"start":{"line":119,"column":16},"end":{"line":119,"column":59}},"type":"binary-expr","locations":[{"start":{"line":119,"column":16},"end":{"line":119,"column":32}},{"start":{"line":119,"column":36},"end":{"line":119,"column":59}}]},"14":{"loc":{"start":{"line":120,"column":16},"end":{"line":120,"column":63}},"type":"binary-expr","locations":[{"start":{"line":120,"column":16},"end":{"line":120,"column":34}},{"start":{"line":120,"column":38},"end":{"line":120,"column":63}}]},"15":{"loc":{"start":{"line":122,"column":4},"end":{"line":123,"column":78}},"type":"binary-expr","locations":[{"start":{"line":122,"column":4},"end":{"line":122,"column":76}},{"start":{"line":123,"column":4},"end":{"line":123,"column":78}}]},"16":{"loc":{"start":{"line":122,"column":8},"end":{"line":122,"column":75}},"type":"binary-expr","locations":[{"start":{"line":122,"column":8},"end":{"line":122,"column":36}},{"start":{"line":122,"column":40},"end":{"line":122,"column":75}}]},"17":{"loc":{"start":{"line":123,"column":8},"end":{"line":123,"column":77}},"type":"binary-expr","locations":[{"start":{"line":123,"column":8},"end":{"line":123,"column":37}},{"start":{"line":123,"column":41},"end":{"line":123,"column":77}}]},"18":{"loc":{"start":{"line":124,"column":18},"end":{"line":124,"column":65}},"type":"binary-expr","locations":[{"start":{"line":124,"column":18},"end":{"line":124,"column":36}},{"start":{"line":124,"column":40},"end":{"line":124,"column":65}}]},"19":{"loc":{"start":{"line":125,"column":16},"end":{"line":125,"column":25}},"type":"binary-expr","locations":[{"start":{"line":125,"column":16},"end":{"line":125,"column":20}},{"start":{"line":125,"column":24},"end":{"line":125,"column":25}}]},"20":{"loc":{"start":{"line":133,"column":23},"end":{"line":133,"column":39}},"type":"binary-expr","locations":[{"start":{"line":133,"column":23},"end":{"line":133,"column":34}},{"start":{"line":133,"column":38},"end":{"line":133,"column":39}}]},"21":{"loc":{"start":{"line":134,"column":31},"end":{"line":136,"column":60}},"type":"cond-expr","locations":[{"start":{"line":135,"column":6},"end":{"line":135,"column":23}},{"start":{"line":136,"column":7},"end":{"line":136,"column":60}}]},"22":{"loc":{"start":{"line":139,"column":4},"end":{"line":139,"column":63}},"type":"if","locations":[{"start":{"line":139,"column":4},"end":{"line":139,"column":63}},{"start":{},"end":{}}]},"23":{"loc":{"start":{"line":141,"column":4},"end":{"line":141,"column":73}},"type":"if","locations":[{"start":{"line":141,"column":4},"end":{"line":141,"column":73}},{"start":{},"end":{}}]},"24":{"loc":{"start":{"line":143,"column":4},"end":{"line":143,"column":26}},"type":"if","locations":[{"start":{"line":143,"column":4},"end":{"line":143,"column":26}},{"start":{},"end":{}}]},"25":{"loc":{"start":{"line":146,"column":4},"end":{"line":154,"column":5}},"type":"if","locations":[{"start":{"line":146,"column":4},"end":{"line":154,"column":5}},{"start":{},"end":{}}]},"26":{"loc":{"start":{"line":149,"column":6},"end":{"line":152,"column":48}},"type":"if","locations":[{"start":{"line":149,"column":6},"end":{"line":152,"column":48}},{"start":{"line":152,"column":13},"end":{"line":152,"column":48}}]},"27":{"loc":{"start":{"line":150,"column":28},"end":{"line":150,"column":88}},"type":"binary-expr","locations":[{"start":{"line":150,"column":28},"end":{"line":150,"column":41}},{"start":{"line":150,"column":45},"end":{"line":150,"column":56}},{"start":{"line":150,"column":60},"end":{"line":150,"column":88}}]},"28":{"loc":{"start":{"line":178,"column":2},"end":{"line":178,"column":27}},"type":"if","locations":[{"start":{"line":178,"column":2},"end":{"line":178,"column":27}},{"start":{},"end":{}}]},"29":{"loc":{"start":{"line":180,"column":9},"end":{"line":180,"column":27}},"type":"cond-expr","locations":[{"start":{"line":180,"column":13},"end":{"line":180,"column":23}},{"start":{"line":180,"column":26},"end":{"line":180,"column":27}}]},"30":{"loc":{"start":{"line":183,"column":2},"end":{"line":183,"column":38}},"type":"if","locations":[{"start":{"line":183,"column":2},"end":{"line":183,"column":38}},{"start":{},"end":{}}]},"31":{"loc":{"start":{"line":184,"column":2},"end":{"line":187,"column":3}},"type":"if","locations":[{"start":{"line":184,"column":2},"end":{"line":187,"column":3}},{"start":{},"end":{}}]},"32":{"loc":{"start":{"line":186,"column":4},"end":{"line":186,"column":31}},"type":"if","locations":[{"start":{"line":186,"column":4},"end":{"line":186,"column":31}},{"start":{},"end":{}}]},"33":{"loc":{"start":{"line":191,"column":2},"end":{"line":191,"column":30}},"type":"if","locations":[{"start":{"line":191,"column":2},"end":{"line":191,"column":30}},{"start":{},"end":{}}]},"34":{"loc":{"start":{"line":192,"column":18},"end":{"line":192,"column":62}},"type":"binary-expr","locations":[{"start":{"line":192,"column":18},"end":{"line":192,"column":28}},{"start":{"line":192,"column":32},"end":{"line":192,"column":49}},{"start":{"line":192,"column":53},"end":{"line":192,"column":62}}]},"35":{"loc":{"start":{"line":195,"column":10},"end":{"line":195,"column":17}},"type":"binary-expr","locations":[{"start":{"line":195,"column":10},"end":{"line":195,"column":11}},{"start":{"line":195,"column":15},"end":{"line":195,"column":17}}]},"36":{"loc":{"start":{"line":198,"column":2},"end":{"line":198,"column":31}},"type":"if","locations":[{"start":{"line":198,"column":2},"end":{"line":198,"column":31}},{"start":{},"end":{}}]},"37":{"loc":{"start":{"line":201,"column":6},"end":{"line":205,"column":22}},"type":"binary-expr","locations":[{"start":{"line":201,"column":6},"end":{"line":201,"column":22}},{"start":{"line":202,"column":6},"end":{"line":202,"column":29}},{"start":{"line":203,"column":6},"end":{"line":203,"column":34}},{"start":{"line":204,"column":6},"end":{"line":204,"column":30}},{"start":{"line":205,"column":6},"end":{"line":205,"column":22}}]},"38":{"loc":{"start":{"line":206,"column":4},"end":{"line":206,"column":23}},"type":"if","locations":[{"start":{"line":206,"column":4},"end":{"line":206,"column":23}},{"start":{},"end":{}}]},"39":{"loc":{"start":{"line":208,"column":6},"end":{"line":211,"column":7}},"type":"if","locations":[{"start":{"line":208,"column":6},"end":{"line":211,"column":7}},{"start":{},"end":{}}]},"40":{"loc":{"start":{"line":210,"column":8},"end":{"line":210,"column":38}},"type":"if","locations":[{"start":{"line":210,"column":8},"end":{"line":210,"column":38}},{"start":{},"end":{}}]},"41":{"loc":{"start":{"line":217,"column":2},"end":{"line":217,"column":71}},"type":"if","locations":[{"start":{"line":217,"column":2},"end":{"line":217,"column":71}},{"start":{},"end":{}}]},"42":{"loc":{"start":{"line":217,"column":6},"end":{"line":217,"column":52}},"type":"binary-expr","locations":[{"start":{"line":217,"column":6},"end":{"line":217,"column":27}},{"start":{"line":217,"column":31},"end":{"line":217,"column":52}}]},"43":{"loc":{"start":{"line":219,"column":9},"end":{"line":219,"column":58}},"type":"cond-expr","locations":[{"start":{"line":219,"column":19},"end":{"line":219,"column":46}},{"start":{"line":219,"column":49},"end":{"line":219,"column":58}}]},"44":{"loc":{"start":{"line":227,"column":3},"end":{"line":227,"column":26}},"type":"binary-expr","locations":[{"start":{"line":227,"column":3},"end":{"line":227,"column":20}},{"start":{"line":227,"column":24},"end":{"line":227,"column":26}}]},"45":{"loc":{"start":{"line":228,"column":15},"end":{"line":228,"column":35}},"type":"binary-expr","locations":[{"start":{"line":228,"column":15},"end":{"line":228,"column":26}},{"start":{"line":228,"column":30},"end":{"line":228,"column":35}}]},"46":{"loc":{"start":{"line":230,"column":4},"end":{"line":230,"column":35}},"type":"if","locations":[{"start":{"line":230,"column":4},"end":{"line":230,"column":35}},{"start":{},"end":{}}]},"47":{"loc":{"start":{"line":230,"column":8},"end":{"line":230,"column":16}},"type":"binary-expr","locations":[{"start":{"line":230,"column":8},"end":{"line":230,"column":10}},{"start":{"line":230,"column":14},"end":{"line":230,"column":16}}]},"48":{"loc":{"start":{"line":233,"column":20},"end":{"line":233,"column":69}},"type":"cond-expr","locations":[{"start":{"line":233,"column":51},"end":{"line":233,"column":64}},{"start":{"line":233,"column":67},"end":{"line":233,"column":69}}]},"49":{"loc":{"start":{"line":234,"column":22},"end":{"line":234,"column":92}},"type":"cond-expr","locations":[{"start":{"line":234,"column":54},"end":{"line":234,"column":87}},{"start":{"line":234,"column":90},"end":{"line":234,"column":92}}]},"50":{"loc":{"start":{"line":234,"column":54},"end":{"line":234,"column":87}},"type":"binary-expr","locations":[{"start":{"line":234,"column":54},"end":{"line":234,"column":81}},{"start":{"line":234,"column":85},"end":{"line":234,"column":87}}]},"51":{"loc":{"start":{"line":238,"column":19},"end":{"line":238,"column":86}},"type":"binary-expr","locations":[{"start":{"line":238,"column":19},"end":{"line":238,"column":58}},{"start":{"line":238,"column":62},"end":{"line":238,"column":86}}]},"52":{"loc":{"start":{"line":240,"column":6},"end":{"line":242,"column":56}},"type":"binary-expr","locations":[{"start":{"line":240,"column":6},"end":{"line":240,"column":43}},{"start":{"line":241,"column":6},"end":{"line":241,"column":52}},{"start":{"line":242,"column":7},"end":{"line":242,"column":55}}]},"53":{"loc":{"start":{"line":242,"column":7},"end":{"line":242,"column":55}},"type":"cond-expr","locations":[{"start":{"line":242,"column":17},"end":{"line":242,"column":46}},{"start":{"line":242,"column":49},"end":{"line":242,"column":55}}]},"54":{"loc":{"start":{"line":244,"column":21},"end":{"line":244,"column":84}},"type":"binary-expr","locations":[{"start":{"line":244,"column":21},"end":{"line":244,"column":42}},{"start":{"line":244,"column":47},"end":{"line":244,"column":83}}]},"55":{"loc":{"start":{"line":244,"column":47},"end":{"line":244,"column":83}},"type":"cond-expr","locations":[{"start":{"line":244,"column":56},"end":{"line":244,"column":71}},{"start":{"line":244,"column":74},"end":{"line":244,"column":83}}]},"56":{"loc":{"start":{"line":255,"column":17},"end":{"line":255,"column":39}},"type":"binary-expr","locations":[{"start":{"line":255,"column":17},"end":{"line":255,"column":33}},{"start":{"line":255,"column":37},"end":{"line":255,"column":39}}]},"57":{"loc":{"start":{"line":256,"column":17},"end":{"line":256,"column":39}},"type":"binary-expr","locations":[{"start":{"line":256,"column":17},"end":{"line":256,"column":33}},{"start":{"line":256,"column":37},"end":{"line":256,"column":39}}]},"58":{"loc":{"start":{"line":261,"column":22},"end":{"line":262,"column":85}},"type":"cond-expr","locations":[{"start":{"line":261,"column":50},"end":{"line":261,"column":67}},{"start":{"line":262,"column":22},"end":{"line":262,"column":85}}]},"59":{"loc":{"start":{"line":262,"column":22},"end":{"line":262,"column":85}},"type":"cond-expr","locations":[{"start":{"line":262,"column":50},"end":{"line":262,"column":73}},{"start":{"line":262,"column":76},"end":{"line":262,"column":85}}]},"60":{"loc":{"start":{"line":268,"column":4},"end":{"line":276,"column":5}},"type":"if","locations":[{"start":{"line":268,"column":4},"end":{"line":276,"column":5}},{"start":{},"end":{}}]},"61":{"loc":{"start":{"line":268,"column":8},"end":{"line":268,"column":44}},"type":"binary-expr","locations":[{"start":{"line":268,"column":8},"end":{"line":268,"column":24}},{"start":{"line":268,"column":28},"end":{"line":268,"column":44}}]},"62":{"loc":{"start":{"line":281,"column":4},"end":{"line":284,"column":55}},"type":"binary-expr","locations":[{"start":{"line":281,"column":4},"end":{"line":281,"column":79}},{"start":{"line":282,"column":4},"end":{"line":282,"column":57}},{"start":{"line":283,"column":4},"end":{"line":283,"column":70}},{"start":{"line":284,"column":4},"end":{"line":284,"column":55}}]},"63":{"loc":{"start":{"line":287,"column":2},"end":{"line":296,"column":3}},"type":"if","locations":[{"start":{"line":287,"column":2},"end":{"line":296,"column":3}},{"start":{},"end":{}}]},"64":{"loc":{"start":{"line":297,"column":2},"end":{"line":297,"column":41}},"type":"if","locations":[{"start":{"line":297,"column":2},"end":{"line":297,"column":41}},{"start":{},"end":{}}]},"65":{"loc":{"start":{"line":303,"column":4},"end":{"line":310,"column":17}},"type":"cond-expr","locations":[{"start":{"line":304,"column":8},"end":{"line":309,"column":null}},{"start":{"line":310,"column":8},"end":{"line":310,"column":17}}]},"66":{"loc":{"start":{"line":303,"column":4},"end":{"line":303,"column":54}},"type":"binary-expr","locations":[{"start":{"line":303,"column":4},"end":{"line":303,"column":27}},{"start":{"line":303,"column":31},"end":{"line":303,"column":54}}]}},"s":{"0":0,"1":0,"2":0,"3":0,"4":0,"5":0,"6":0,"7":0,"8":0,"9":0,"10":0,"11":0,"12":0,"13":0,"14":0,"15":0,"16":0,"17":0,"18":0,"19":0,"20":0,"21":0,"22":0,"23":0,"24":0,"25":0,"26":0,"27":0,"28":0,"29":0,"30":0,"31":0,"32":0,"33":0,"34":0,"35":0,"36":0,"37":0,"38":0,"39":0,"40":0,"41":0,"42":0,"43":0,"44":0,"45":0,"46":0,"47":0,"48":0,"49":0,"50":0,"51":0,"52":0,"53":0,"54":0,"55":0,"56":0,"57":0,"58":0,"59":0,"60":0,"61":0,"62":0,"63":0,"64":0,"65":0,"66":0,"67":0,"68":0,"69":0,"70":0,"71":0,"72":0,"73":0,"74":0,"75":0,"76":0,"77":0,"78":0,"79":0,"80":0,"81":0,"82":0,"83":0,"84":0,"85":0,"86":0,"87":0,"88":0,"89":0,"90":0,"91":0,"92":0,"93":0,"94":0,"95":0,"96":0,"97":0,"98":0,"99":0,"100":0,"101":0,"102":0,"103":0,"104":0,"105":0,"106":0,"107":0,"108":0,"109":0,"110":0,"111":0,"112":0,"113":0,"114":0,"115":0,"116":0,"117":0,"118":0,"119":0,"120":0,"121":0,"122":0,"123":0,"124":0,"125":0,"126":0,"127":0,"128":0,"129":0,"130":0,"131":0,"132":0,"133":0,"134":0,"135":0,"136":0,"137":0,"138":0,"139":0,"140":0,"141":0},"f":{"0":0,"1":0,"2":0,"3":0,"4":0,"5":0,"6":0,"7":0,"8":0,"9":0,"10":0,"11":0,"12":0,"13":0,"14":0,"15":0,"16":0,"17":0,"18":0,"19":0,"20":0,"21":0,"22":0,"23":0,"24":0,"25":0,"26":0,"27":0,"28":0},"b":{"0":[0,0],"1":[0,0],"2":[0,0],"3":[0,0],"4":[0,0],"5":[0,0],"6":[0,0],"7":[0,0],"8":[0,0],"9":[0,0],"10":[0,0,0],"11":[0,0],"12":[0,0],"13":[0,0],"14":[0,0],"15":[0,0],"16":[0,0],"17":[0,0],"18":[0,0],"19":[0,0],"20":[0,0],"21":[0,0],"22":[0,0],"23":[0,0],"24":[0,0],"25":[0,0],"26":[0,0],"27":[0,0,0],"28":[0,0],"29":[0,0],"30":[0,0],"31":[0,0],"32":[0,0],"33":[0,0],"34":[0,0,0],"35":[0,0],"36":[0,0],"37":[0,0,0,0,0],"38":[0,0],"39":[0,0],"40":[0,0],"41":[0,0],"42":[0,0],"43":[0,0],"44":[0,0],"45":[0,0],"46":[0,0],"47":[0,0],"48":[0,0],"49":[0,0],"50":[0,0],"51":[0,0],"52":[0,0,0],"53":[0,0],"54":[0,0],"55":[0,0],"56":[0,0],"57":[0,0],"58":[0,0],"59":[0,0],"60":[0,0],"61":[0,0],"62":[0,0,0,0],"63":[0,0],"64":[0,0],"65":[0,0],"66":[0,0]}}
,"C:\\Users\\matth\\OneDrive\\Desktop\\SDP Project\\SDP 2\\SDP\\client\\src\\components\\NavBar.tsx": {"path":"C:\\Users\\matth\\OneDrive\\Desktop\\SDP Project\\SDP 2\\SDP\\client\\src\\components\\NavBar.tsx","statementMap":{"0":{"start":{"line":4,"column":2},"end":{"line":25,"column":4}}},"fnMap":{"0":{"name":"NavBar","decl":{"start":{"line":3,"column":16},"end":{"line":3,"column":22}},"loc":{"start":{"line":3,"column":22},"end":{"line":26,"column":1}}}},"branchMap":{},"s":{"0":0},"f":{"0":0},"b":{}}
,"C:\\Users\\matth\\OneDrive\\Desktop\\SDP Project\\SDP 2\\SDP\\client\\src\\components\\Footer\\Footer.tsx": {"path":"C:\\Users\\matth\\OneDrive\\Desktop\\SDP Project\\SDP 2\\SDP\\client\\src\\components\\Footer\\Footer.tsx","statementMap":{"0":{"start":{"line":6,"column":15},"end":{"line":6,"column":24}},"1":{"start":{"line":8,"column":2},"end":{"line":30,"column":4}}},"fnMap":{"0":{"name":"Footer","decl":{"start":{"line":5,"column":24},"end":{"line":5,"column":30}},"loc":{"start":{"line":5,"column":30},"end":{"line":31,"column":1}}}},"branchMap":{"0":{"loc":{"start":{"line":13,"column":11},"end":{"line":21,"column":null}},"type":"binary-expr","locations":[{"start":{"line":13,"column":11},"end":{"line":13,"column":26}},{"start":{"line":14,"column":12},"end":{"line":20,"column":null}}]}},"s":{"0":0,"1":0},"f":{"0":0},"b":{"0":[0,0]}}
,"C:\\Users\\matth\\OneDrive\\Desktop\\SDP Project\\SDP 2\\SDP\\client\\src\\components\\Header\\Header.tsx": {"path":"C:\\Users\\matth\\OneDrive\\Desktop\\SDP Project\\SDP 2\\SDP\\client\\src\\components\\Header\\Header.tsx","statementMap":{"0":{"start":{"line":7,"column":12},"end":{"line":7,"column":21}},"1":{"start":{"line":8,"column":19},"end":{"line":8,"column":41}},"2":{"start":{"line":9,"column":19},"end":{"line":9,"column":32}},"3":{"start":{"line":10,"column":26},"end":{"line":10,"column":41}},"4":{"start":{"line":13,"column":22},"end":{"line":22,"column":null}},"5":{"start":{"line":14,"column":4},"end":{"line":21,"column":null}},"6":{"start":{"line":14,"column":64},"end":{"line":14,"column":76}},"7":{"start":{"line":25,"column":2},"end":{"line":53,"column":4}},"8":{"start":{"line":37,"column":23},"end":{"line":37,"column":37}}},"fnMap":{"0":{"name":"Header","decl":{"start":{"line":6,"column":24},"end":{"line":6,"column":30}},"loc":{"start":{"line":6,"column":30},"end":{"line":54,"column":1}}},"1":{"name":"(anonymous_1)","decl":{"start":{"line":13,"column":22},"end":{"line":13,"column":23}},"loc":{"start":{"line":14,"column":4},"end":{"line":21,"column":null}}},"2":{"name":"(anonymous_2)","decl":{"start":{"line":14,"column":58},"end":{"line":14,"column":61}},"loc":{"start":{"line":14,"column":64},"end":{"line":14,"column":76}}},"3":{"name":"(anonymous_3)","decl":{"start":{"line":37,"column":17},"end":{"line":37,"column":20}},"loc":{"start":{"line":37,"column":23},"end":{"line":37,"column":37}}}},"branchMap":{"0":{"loc":{"start":{"line":8,"column":19},"end":{"line":8,"column":41}},"type":"binary-expr","locations":[{"start":{"line":8,"column":19},"end":{"line":8,"column":30}},{"start":{"line":8,"column":34},"end":{"line":8,"column":41}}]},"1":{"loc":{"start":{"line":45,"column":41},"end":{"line":45,"column":64}},"type":"cond-expr","locations":[{"start":{"line":45,"column":48},"end":{"line":45,"column":59}},{"start":{"line":45,"column":62},"end":{"line":45,"column":64}}]}},"s":{"0":0,"1":0,"2":0,"3":0,"4":0,"5":0,"6":0,"7":0,"8":0},"f":{"0":0,"1":0,"2":0,"3":0},"b":{"0":[0,0],"1":[0,0]}}
,"C:\\Users\\matth\\OneDrive\\Desktop\\SDP Project\\SDP 2\\SDP\\client\\src\\components\\LastestNews\\LastestNews.tsx": {"path":"C:\\Users\\matth\\OneDrive\\Desktop\\SDP Project\\SDP 2\\SDP\\client\\src\\components\\LastestNews\\LastestNews.tsx","statementMap":{"0":{"start":{"line":18,"column":28},"end":{"line":18,"column":50}},"1":{"start":{"line":19,"column":32},"end":{"line":19,"column":46}},"2":{"start":{"line":20,"column":24},"end":{"line":20,"column":53}},"3":{"start":{"line":22,"column":2},"end":{"line":65,"column":9}},"4":{"start":{"line":23,"column":20},"end":{"line":23,"column":25}},"5":{"start":{"line":24,"column":4},"end":{"line":60,"column":9}},"6":{"start":{"line":25,"column":6},"end":{"line":59,"column":7}},"7":{"start":{"line":26,"column":8},"end":{"line":26,"column":25}},"8":{"start":{"line":27,"column":39},"end":{"line":27,"column":59}},"9":{"start":{"line":29,"column":33},"end":{"line":49,"column":10}},"10":{"start":{"line":30,"column":23},"end":{"line":30,"column":58}},"11":{"start":{"line":31,"column":24},"end":{"line":31,"column":42}},"12":{"start":{"line":33,"column":12},"end":{"line":34,"column":37}},"13":{"start":{"line":33,"column":38},"end":{"line":33,"column":72}},"14":{"start":{"line":35,"column":10},"end":{"line":48,"column":12}},"15":{"start":{"line":51,"column":8},"end":{"line":54,"column":9}},"16":{"start":{"line":52,"column":10},"end":{"line":52,"column":39}},"17":{"start":{"line":53,"column":10},"end":{"line":53,"column":23}},"18":{"start":{"line":56,"column":8},"end":{"line":56,"column":68}},"19":{"start":{"line":56,"column":24},"end":{"line":56,"column":68}},"20":{"start":{"line":58,"column":8},"end":{"line":58,"column":42}},"21":{"start":{"line":58,"column":24},"end":{"line":58,"column":42}},"22":{"start":{"line":62,"column":4},"end":{"line":64,"column":6}},"23":{"start":{"line":63,"column":6},"end":{"line":63,"column":23}},"24":{"start":{"line":67,"column":2},"end":{"line":115,"column":4}},"25":{"start":{"line":80,"column":10},"end":{"line":80,"column":null}}},"fnMap":{"0":{"name":"LatestNews","decl":{"start":{"line":17,"column":24},"end":{"line":17,"column":34}},"loc":{"start":{"line":17,"column":34},"end":{"line":116,"column":1}}},"1":{"name":"(anonymous_1)","decl":{"start":{"line":22,"column":12},"end":{"line":22,"column":15}},"loc":{"start":{"line":22,"column":17},"end":{"line":65,"column":3}}},"2":{"name":"(anonymous_2)","decl":{"start":{"line":24,"column":5},"end":{"line":24,"column":10}},"loc":{"start":{"line":24,"column":16},"end":{"line":60,"column":5}}},"3":{"name":"(anonymous_3)","decl":{"start":{"line":29,"column":59},"end":{"line":29,"column":60}},"loc":{"start":{"line":29,"column":65},"end":{"line":49,"column":9}}},"4":{"name":"(anonymous_4)","decl":{"start":{"line":33,"column":31},"end":{"line":33,"column":32}},"loc":{"start":{"line":33,"column":38},"end":{"line":33,"column":72}}},"5":{"name":"(anonymous_5)","decl":{"start":{"line":62,"column":11},"end":{"line":62,"column":14}},"loc":{"start":{"line":62,"column":16},"end":{"line":64,"column":5}}},"6":{"name":"(anonymous_6)","decl":{"start":{"line":79,"column":19},"end":{"line":79,"column":20}},"loc":{"start":{"line":80,"column":10},"end":{"line":80,"column":null}}}},"branchMap":{"0":{"loc":{"start":{"line":29,"column":34},"end":{"line":29,"column":53}},"type":"binary-expr","locations":[{"start":{"line":29,"column":34},"end":{"line":29,"column":47}},{"start":{"line":29,"column":51},"end":{"line":29,"column":53}}]},"1":{"loc":{"start":{"line":30,"column":23},"end":{"line":30,"column":58}},"type":"binary-expr","locations":[{"start":{"line":30,"column":23},"end":{"line":30,"column":34}},{"start":{"line":30,"column":38},"end":{"line":30,"column":52}},{"start":{"line":30,"column":56},"end":{"line":30,"column":58}}]},"2":{"loc":{"start":{"line":33,"column":12},"end":{"line":34,"column":37}},"type":"binary-expr","locations":[{"start":{"line":33,"column":12},"end":{"line":34,"column":27}},{"start":{"line":34,"column":31},"end":{"line":34,"column":37}}]},"3":{"loc":{"start":{"line":38,"column":18},"end":{"line":43,"column":18}},"type":"cond-expr","locations":[{"start":{"line":39,"column":16},"end":{"line":42,"column":18}},{"start":{"line":43,"column":16},"end":{"line":43,"column":18}}]},"4":{"loc":{"start":{"line":47,"column":17},"end":{"line":47,"column":30}},"type":"binary-expr","locations":[{"start":{"line":47,"column":17},"end":{"line":47,"column":20}},{"start":{"line":47,"column":24},"end":{"line":47,"column":30}}]},"5":{"loc":{"start":{"line":51,"column":8},"end":{"line":54,"column":9}},"type":"if","locations":[{"start":{"line":51,"column":8},"end":{"line":54,"column":9}},{"start":{},"end":{}}]},"6":{"loc":{"start":{"line":56,"column":8},"end":{"line":56,"column":68}},"type":"if","locations":[{"start":{"line":56,"column":8},"end":{"line":56,"column":68}},{"start":{},"end":{}}]},"7":{"loc":{"start":{"line":56,"column":31},"end":{"line":56,"column":66}},"type":"binary-expr","locations":[{"start":{"line":56,"column":31},"end":{"line":56,"column":41}},{"start":{"line":56,"column":45},"end":{"line":56,"column":66}}]},"8":{"loc":{"start":{"line":58,"column":8},"end":{"line":58,"column":42}},"type":"if","locations":[{"start":{"line":58,"column":8},"end":{"line":58,"column":42}},{"start":{},"end":{}}]},"9":{"loc":{"start":{"line":71,"column":7},"end":{"line":71,"column":62}},"type":"binary-expr","locations":[{"start":{"line":71,"column":7},"end":{"line":71,"column":14}},{"start":{"line":71,"column":18},"end":{"line":71,"column":62}}]},"10":{"loc":{"start":{"line":72,"column":7},"end":{"line":72,"column":55}},"type":"binary-expr","locations":[{"start":{"line":72,"column":7},"end":{"line":72,"column":10}},{"start":{"line":72,"column":14},"end":{"line":72,"column":55}}]},"11":{"loc":{"start":{"line":74,"column":7},"end":{"line":75,"column":null}},"type":"binary-expr","locations":[{"start":{"line":74,"column":7},"end":{"line":74,"column":15}},{"start":{"line":74,"column":19},"end":{"line":74,"column":23}},{"start":{"line":74,"column":27},"end":{"line":74,"column":45}},{"start":{"line":75,"column":8},"end":{"line":75,"column":61}}]},"12":{"loc":{"start":{"line":81,"column":13},"end":{"line":89,"column":null}},"type":"binary-expr","locations":[{"start":{"line":81,"column":13},"end":{"line":81,"column":20}},{"start":{"line":82,"column":14},"end":{"line":88,"column":null}}]},"13":{"loc":{"start":{"line":94,"column":46},"end":{"line":94,"column":61}},"type":"binary-expr","locations":[{"start":{"line":94,"column":46},"end":{"line":94,"column":51}},{"start":{"line":94,"column":55},"end":{"line":94,"column":61}}]},"14":{"loc":{"start":{"line":99,"column":17},"end":{"line":104,"column":null}},"type":"cond-expr","locations":[{"start":{"line":100,"column":18},"end":{"line":101,"column":null}},{"start":{"line":104,"column":18},"end":{"line":104,"column":25}}]},"15":{"loc":{"start":{"line":108,"column":15},"end":{"line":108,"column":74}},"type":"binary-expr","locations":[{"start":{"line":108,"column":15},"end":{"line":108,"column":23}},{"start":{"line":108,"column":27},"end":{"line":108,"column":74}}]},"16":{"loc":{"start":{"line":109,"column":15},"end":{"line":109,"column":73}},"type":"binary-expr","locations":[{"start":{"line":109,"column":15},"end":{"line":109,"column":24}},{"start":{"line":109,"column":28},"end":{"line":109,"column":73}}]}},"s":{"0":0,"1":0,"2":0,"3":0,"4":0,"5":0,"6":0,"7":0,"8":0,"9":0,"10":0,"11":0,"12":0,"13":0,"14":0,"15":0,"16":0,"17":0,"18":0,"19":0,"20":0,"21":0,"22":0,"23":0,"24":0,"25":0},"f":{"0":0,"1":0,"2":0,"3":0,"4":0,"5":0,"6":0},"b":{"0":[0,0],"1":[0,0,0],"2":[0,0],"3":[0,0],"4":[0,0],"5":[0,0],"6":[0,0],"7":[0,0],"8":[0,0],"9":[0,0],"10":[0,0],"11":[0,0,0,0],"12":[0,0],"13":[0,0],"14":[0,0],"15":[0,0],"16":[0,0]}}
,"C:\\Users\\matth\\OneDrive\\Desktop\\SDP Project\\SDP 2\\SDP\\client\\src\\components\\LeagueTable\\LeagueTable.tsx": {"path":"C:\\Users\\matth\\OneDrive\\Desktop\\SDP Project\\SDP 2\\SDP\\client\\src\\components\\LeagueTable\\LeagueTable.tsx","statementMap":{"0":{"start":{"line":16,"column":21},"end":{"line":16,"column":45}},"1":{"start":{"line":17,"column":25},"end":{"line":17,"column":29}},"2":{"start":{"line":20,"column":20},"end":{"line":20,"column":46}},"3":{"start":{"line":21,"column":2},"end":{"line":21,"column":32}},"4":{"start":{"line":25,"column":26},"end":{"line":25,"column":56}},"5":{"start":{"line":26,"column":26},"end":{"line":26,"column":45}},"6":{"start":{"line":27,"column":32},"end":{"line":27,"column":46}},"7":{"start":{"line":28,"column":24},"end":{"line":28,"column":53}},"8":{"start":{"line":30,"column":14},"end":{"line":35,"column":null}},"9":{"start":{"line":31,"column":11},"end":{"line":34,"column":6}},"10":{"start":{"line":38,"column":2},"end":{"line":59,"column":13}},"11":{"start":{"line":39,"column":17},"end":{"line":39,"column":22}},"12":{"start":{"line":40,"column":4},"end":{"line":54,"column":9}},"13":{"start":{"line":41,"column":6},"end":{"line":53,"column":7}},"14":{"start":{"line":42,"column":8},"end":{"line":42,"column":25}},"15":{"start":{"line":43,"column":8},"end":{"line":43,"column":21}},"16":{"start":{"line":46,"column":21},"end":{"line":46,"column":72}},"17":{"start":{"line":48,"column":8},"end":{"line":48,"column":35}},"18":{"start":{"line":48,"column":21},"end":{"line":48,"column":35}},"19":{"start":{"line":50,"column":8},"end":{"line":50,"column":70}},"20":{"start":{"line":50,"column":21},"end":{"line":50,"column":70}},"21":{"start":{"line":52,"column":8},"end":{"line":52,"column":39}},"22":{"start":{"line":52,"column":21},"end":{"line":52,"column":39}},"23":{"start":{"line":56,"column":4},"end":{"line":58,"column":6}},"24":{"start":{"line":57,"column":6},"end":{"line":57,"column":20}},"25":{"start":{"line":61,"column":2},"end":{"line":128,"column":4}},"26":{"start":{"line":69,"column":27},"end":{"line":69,"column":76}},"27":{"start":{"line":69,"column":42},"end":{"line":69,"column":75}},"28":{"start":{"line":81,"column":27},"end":{"line":81,"column":72}},"29":{"start":{"line":81,"column":42},"end":{"line":81,"column":71}},"30":{"start":{"line":109,"column":12},"end":{"line":109,"column":null}}},"fnMap":{"0":{"name":"seasonLabel","decl":{"start":{"line":19,"column":9},"end":{"line":19,"column":20}},"loc":{"start":{"line":19,"column":33},"end":{"line":22,"column":1}}},"1":{"name":"LeagueTable","decl":{"start":{"line":24,"column":24},"end":{"line":24,"column":35}},"loc":{"start":{"line":24,"column":35},"end":{"line":129,"column":1}}},"2":{"name":"(anonymous_2)","decl":{"start":{"line":31,"column":4},"end":{"line":31,"column":7}},"loc":{"start":{"line":31,"column":11},"end":{"line":34,"column":6}}},"3":{"name":"(anonymous_3)","decl":{"start":{"line":38,"column":12},"end":{"line":38,"column":15}},"loc":{"start":{"line":38,"column":17},"end":{"line":59,"column":3}}},"4":{"name":"(anonymous_4)","decl":{"start":{"line":40,"column":5},"end":{"line":40,"column":10}},"loc":{"start":{"line":40,"column":16},"end":{"line":54,"column":5}}},"5":{"name":"(anonymous_5)","decl":{"start":{"line":56,"column":11},"end":{"line":56,"column":14}},"loc":{"start":{"line":56,"column":16},"end":{"line":58,"column":5}}},"6":{"name":"(anonymous_6)","decl":{"start":{"line":69,"column":21},"end":{"line":69,"column":24}},"loc":{"start":{"line":69,"column":27},"end":{"line":69,"column":76}}},"7":{"name":"(anonymous_7)","decl":{"start":{"line":69,"column":35},"end":{"line":69,"column":36}},"loc":{"start":{"line":69,"column":42},"end":{"line":69,"column":75}}},"8":{"name":"(anonymous_8)","decl":{"start":{"line":81,"column":21},"end":{"line":81,"column":24}},"loc":{"start":{"line":81,"column":27},"end":{"line":81,"column":72}}},"9":{"name":"(anonymous_9)","decl":{"start":{"line":81,"column":35},"end":{"line":81,"column":36}},"loc":{"start":{"line":81,"column":42},"end":{"line":81,"column":71}}},"10":{"name":"(anonymous_10)","decl":{"start":{"line":108,"column":19},"end":{"line":108,"column":20}},"loc":{"start":{"line":109,"column":12},"end":{"line":109,"column":null}}}},"branchMap":{"0":{"loc":{"start":{"line":48,"column":8},"end":{"line":48,"column":35}},"type":"if","locations":[{"start":{"line":48,"column":8},"end":{"line":48,"column":35}},{"start":{},"end":{}}]},"1":{"loc":{"start":{"line":50,"column":8},"end":{"line":50,"column":70}},"type":"if","locations":[{"start":{"line":50,"column":8},"end":{"line":50,"column":70}},{"start":{},"end":{}}]},"2":{"loc":{"start":{"line":50,"column":28},"end":{"line":50,"column":68}},"type":"binary-expr","locations":[{"start":{"line":50,"column":28},"end":{"line":50,"column":38}},{"start":{"line":50,"column":42},"end":{"line":50,"column":68}}]},"3":{"loc":{"start":{"line":52,"column":8},"end":{"line":52,"column":39}},"type":"if","locations":[{"start":{"line":52,"column":8},"end":{"line":52,"column":39}},{"start":{},"end":{}}]},"4":{"loc":{"start":{"line":103,"column":9},"end":{"line":103,"column":64}},"type":"binary-expr","locations":[{"start":{"line":103,"column":9},"end":{"line":103,"column":16}},{"start":{"line":103,"column":20},"end":{"line":103,"column":64}}]},"5":{"loc":{"start":{"line":104,"column":9},"end":{"line":104,"column":57}},"type":"binary-expr","locations":[{"start":{"line":104,"column":9},"end":{"line":104,"column":12}},{"start":{"line":104,"column":16},"end":{"line":104,"column":57}}]},"6":{"loc":{"start":{"line":106,"column":9},"end":{"line":119,"column":12}},"type":"binary-expr","locations":[{"start":{"line":106,"column":9},"end":{"line":106,"column":17}},{"start":{"line":107,"column":10},"end":{"line":107,"column":14}},{"start":{"line":108,"column":10},"end":{"line":119,"column":12}}]},"7":{"loc":{"start":{"line":121,"column":9},"end":{"line":124,"column":null}},"type":"binary-expr","locations":[{"start":{"line":121,"column":9},"end":{"line":121,"column":17}},{"start":{"line":121,"column":21},"end":{"line":121,"column":25}},{"start":{"line":121,"column":29},"end":{"line":121,"column":46}},{"start":{"line":122,"column":10},"end":{"line":123,"column":null}}]}},"s":{"0":0,"1":0,"2":0,"3":0,"4":0,"5":0,"6":0,"7":0,"8":0,"9":0,"10":0,"11":0,"12":0,"13":0,"14":0,"15":0,"16":0,"17":0,"18":0,"19":0,"20":0,"21":0,"22":0,"23":0,"24":0,"25":0,"26":0,"27":0,"28":0,"29":0,"30":0},"f":{"0":0,"1":0,"2":0,"3":0,"4":0,"5":0,"6":0,"7":0,"8":0,"9":0,"10":0},"b":{"0":[0,0],"1":[0,0],"2":[0,0],"3":[0,0],"4":[0,0],"5":[0,0],"6":[0,0,0],"7":[0,0,0,0]}}
,"C:\\Users\\matth\\OneDrive\\Desktop\\SDP Project\\SDP 2\\SDP\\client\\src\\components\\LiveLeagueGames\\LiveLeagueGames.tsx": {"path":"C:\\Users\\matth\\OneDrive\\Desktop\\SDP Project\\SDP 2\\SDP\\client\\src\\components\\LiveLeagueGames\\LiveLeagueGames.tsx","statementMap":{"0":{"start":{"line":19,"column":26},"end":{"line":19,"column":52}},"1":{"start":{"line":20,"column":26},"end":{"line":20,"column":67}},"2":{"start":{"line":21,"column":32},"end":{"line":21,"column":56}},"3":{"start":{"line":22,"column":24},"end":{"line":22,"column":53}},"4":{"start":{"line":25,"column":18},"end":{"line":27,"column":null}},"5":{"start":{"line":26,"column":10},"end":{"line":26,"column":77}},"6":{"start":{"line":26,"column":44},"end":{"line":26,"column":76}},"7":{"start":{"line":31,"column":32},"end":{"line":31,"column":73}},"8":{"start":{"line":31,"column":56},"end":{"line":31,"column":72}},"9":{"start":{"line":32,"column":2},"end":{"line":36,"column":9}},"10":{"start":{"line":33,"column":18},"end":{"line":33,"column":52}},"11":{"start":{"line":33,"column":24},"end":{"line":33,"column":52}},"12":{"start":{"line":34,"column":4},"end":{"line":34,"column":57}},"13":{"start":{"line":35,"column":4},"end":{"line":35,"column":73}},"14":{"start":{"line":35,"column":17},"end":{"line":35,"column":72}},"15":{"start":{"line":39,"column":15},"end":{"line":49,"column":12}},"16":{"start":{"line":40,"column":4},"end":{"line":48,"column":5}},"17":{"start":{"line":41,"column":17},"end":{"line":41,"column":44}},"18":{"start":{"line":42,"column":6},"end":{"line":42,"column":18}},"19":{"start":{"line":43,"column":6},"end":{"line":43,"column":19}},"20":{"start":{"line":45,"column":6},"end":{"line":45,"column":56}},"21":{"start":{"line":47,"column":6},"end":{"line":47,"column":24}},"22":{"start":{"line":52,"column":2},"end":{"line":55,"column":19}},"23":{"start":{"line":53,"column":4},"end":{"line":53,"column":21}},"24":{"start":{"line":54,"column":4},"end":{"line":54,"column":11}},"25":{"start":{"line":62,"column":19},"end":{"line":62,"column":46}},"26":{"start":{"line":63,"column":21},"end":{"line":63,"column":43}},"27":{"start":{"line":65,"column":2},"end":{"line":103,"column":31}},"28":{"start":{"line":67,"column":23},"end":{"line":72,"column":5}},"29":{"start":{"line":68,"column":6},"end":{"line":71,"column":7}},"30":{"start":{"line":69,"column":8},"end":{"line":69,"column":46}},"31":{"start":{"line":70,"column":8},"end":{"line":70,"column":32}},"32":{"start":{"line":75,"column":4},"end":{"line":78,"column":5}},"33":{"start":{"line":76,"column":6},"end":{"line":76,"column":19}},"34":{"start":{"line":77,"column":6},"end":{"line":77,"column":13}},"35":{"start":{"line":81,"column":26},"end":{"line":81,"column":51}},"36":{"start":{"line":83,"column":17},"end":{"line":96,"column":5}},"37":{"start":{"line":84,"column":6},"end":{"line":84,"column":37}},"38":{"start":{"line":84,"column":30},"end":{"line":84,"column":37}},"39":{"start":{"line":85,"column":6},"end":{"line":85,"column":32}},"40":{"start":{"line":86,"column":6},"end":{"line":95,"column":7}},"41":{"start":{"line":87,"column":8},"end":{"line":87,"column":21}},"42":{"start":{"line":89,"column":8},"end":{"line":89,"column":66}},"43":{"start":{"line":92,"column":8},"end":{"line":92,"column":58}},"44":{"start":{"line":94,"column":8},"end":{"line":94,"column":35}},"45":{"start":{"line":99,"column":4},"end":{"line":99,"column":62}},"46":{"start":{"line":102,"column":4},"end":{"line":102,"column":22}},"47":{"start":{"line":106,"column":16},"end":{"line":142,"column":12}},"48":{"start":{"line":107,"column":4},"end":{"line":141,"column":7}},"49":{"start":{"line":108,"column":19},"end":{"line":108,"column":39}},"50":{"start":{"line":109,"column":21},"end":{"line":109,"column":36}},"51":{"start":{"line":110,"column":19},"end":{"line":110,"column":72}},"52":{"start":{"line":110,"column":50},"end":{"line":110,"column":71}},"53":{"start":{"line":111,"column":19},"end":{"line":111,"column":72}},"54":{"start":{"line":111,"column":50},"end":{"line":111,"column":71}},"55":{"start":{"line":112,"column":21},"end":{"line":116,"column":8}},"56":{"start":{"line":112,"column":34},"end":{"line":116,"column":8}},"57":{"start":{"line":119,"column":8},"end":{"line":124,"column":32}},"58":{"start":{"line":126,"column":22},"end":{"line":126,"column":57}},"59":{"start":{"line":128,"column":6},"end":{"line":140,"column":8}},"60":{"start":{"line":144,"column":2},"end":{"line":196,"column":4}},"61":{"start":{"line":151,"column":14},"end":{"line":152,"column":null}},"62":{"start":{"line":152,"column":23},"end":{"line":152,"column":79}},"63":{"start":{"line":168,"column":14},"end":{"line":169,"column":null}},"64":{"start":{"line":169,"column":23},"end":{"line":169,"column":79}}},"fnMap":{"0":{"name":"LiveLeagueGames","decl":{"start":{"line":18,"column":24},"end":{"line":18,"column":39}},"loc":{"start":{"line":18,"column":39},"end":{"line":197,"column":1}}},"1":{"name":"(anonymous_1)","decl":{"start":{"line":26,"column":4},"end":{"line":26,"column":7}},"loc":{"start":{"line":26,"column":10},"end":{"line":26,"column":77}}},"2":{"name":"(anonymous_2)","decl":{"start":{"line":26,"column":36},"end":{"line":26,"column":37}},"loc":{"start":{"line":26,"column":44},"end":{"line":26,"column":76}}},"3":{"name":"(anonymous_3)","decl":{"start":{"line":31,"column":50},"end":{"line":31,"column":53}},"loc":{"start":{"line":31,"column":56},"end":{"line":31,"column":72}}},"4":{"name":"(anonymous_4)","decl":{"start":{"line":32,"column":12},"end":{"line":32,"column":15}},"loc":{"start":{"line":32,"column":17},"end":{"line":36,"column":3}}},"5":{"name":"(anonymous_5)","decl":{"start":{"line":33,"column":18},"end":{"line":33,"column":21}},"loc":{"start":{"line":33,"column":24},"end":{"line":33,"column":52}}},"6":{"name":"(anonymous_6)","decl":{"start":{"line":35,"column":11},"end":{"line":35,"column":14}},"loc":{"start":{"line":35,"column":17},"end":{"line":35,"column":72}}},"7":{"name":"(anonymous_7)","decl":{"start":{"line":39,"column":27},"end":{"line":39,"column":32}},"loc":{"start":{"line":39,"column":38},"end":{"line":49,"column":3}}},"8":{"name":"(anonymous_8)","decl":{"start":{"line":52,"column":12},"end":{"line":52,"column":15}},"loc":{"start":{"line":52,"column":17},"end":{"line":55,"column":3}}},"9":{"name":"(anonymous_9)","decl":{"start":{"line":65,"column":12},"end":{"line":65,"column":15}},"loc":{"start":{"line":65,"column":17},"end":{"line":103,"column":3}}},"10":{"name":"(anonymous_10)","decl":{"start":{"line":67,"column":23},"end":{"line":67,"column":26}},"loc":{"start":{"line":67,"column":28},"end":{"line":72,"column":5}}},"11":{"name":"(anonymous_11)","decl":{"start":{"line":83,"column":17},"end":{"line":83,"column":22}},"loc":{"start":{"line":83,"column":28},"end":{"line":96,"column":5}}},"12":{"name":"(anonymous_12)","decl":{"start":{"line":106,"column":24},"end":{"line":106,"column":27}},"loc":{"start":{"line":106,"column":29},"end":{"line":142,"column":3}}},"13":{"name":"(anonymous_13)","decl":{"start":{"line":107,"column":36},"end":{"line":107,"column":37}},"loc":{"start":{"line":107,"column":43},"end":{"line":141,"column":5}}},"14":{"name":"(anonymous_14)","decl":{"start":{"line":110,"column":43},"end":{"line":110,"column":44}},"loc":{"start":{"line":110,"column":50},"end":{"line":110,"column":71}}},"15":{"name":"(anonymous_15)","decl":{"start":{"line":111,"column":43},"end":{"line":111,"column":44}},"loc":{"start":{"line":111,"column":50},"end":{"line":111,"column":71}}},"16":{"name":"(anonymous_16)","decl":{"start":{"line":112,"column":21},"end":{"line":112,"column":22}},"loc":{"start":{"line":112,"column":34},"end":{"line":116,"column":8}}},"17":{"name":"(anonymous_17)","decl":{"start":{"line":150,"column":21},"end":{"line":150,"column":24}},"loc":{"start":{"line":151,"column":14},"end":{"line":152,"column":null}}},"18":{"name":"(anonymous_18)","decl":{"start":{"line":152,"column":16},"end":{"line":152,"column":17}},"loc":{"start":{"line":152,"column":23},"end":{"line":152,"column":79}}},"19":{"name":"(anonymous_19)","decl":{"start":{"line":167,"column":21},"end":{"line":167,"column":24}},"loc":{"start":{"line":168,"column":14},"end":{"line":169,"column":null}}},"20":{"name":"(anonymous_20)","decl":{"start":{"line":169,"column":16},"end":{"line":169,"column":17}},"loc":{"start":{"line":169,"column":23},"end":{"line":169,"column":79}}}},"branchMap":{"0":{"loc":{"start":{"line":26,"column":11},"end":{"line":26,"column":29}},"type":"binary-expr","locations":[{"start":{"line":26,"column":11},"end":{"line":26,"column":23}},{"start":{"line":26,"column":27},"end":{"line":26,"column":29}}]},"1":{"loc":{"start":{"line":45,"column":13},"end":{"line":45,"column":54}},"type":"binary-expr","locations":[{"start":{"line":45,"column":13},"end":{"line":45,"column":23}},{"start":{"line":45,"column":27},"end":{"line":45,"column":54}}]},"2":{"loc":{"start":{"line":68,"column":6},"end":{"line":71,"column":7}},"type":"if","locations":[{"start":{"line":68,"column":6},"end":{"line":71,"column":7}},{"start":{},"end":{}}]},"3":{"loc":{"start":{"line":75,"column":4},"end":{"line":78,"column":5}},"type":"if","locations":[{"start":{"line":75,"column":4},"end":{"line":78,"column":5}},{"start":{},"end":{}}]},"4":{"loc":{"start":{"line":81,"column":26},"end":{"line":81,"column":51}},"type":"cond-expr","locations":[{"start":{"line":81,"column":36},"end":{"line":81,"column":42}},{"start":{"line":81,"column":45},"end":{"line":81,"column":51}}]},"5":{"loc":{"start":{"line":84,"column":6},"end":{"line":84,"column":37}},"type":"if","locations":[{"start":{"line":84,"column":6},"end":{"line":84,"column":37}},{"start":{},"end":{}}]},"6":{"loc":{"start":{"line":107,"column":12},"end":{"line":107,"column":30}},"type":"binary-expr","locations":[{"start":{"line":107,"column":12},"end":{"line":107,"column":24}},{"start":{"line":107,"column":28},"end":{"line":107,"column":30}}]},"7":{"loc":{"start":{"line":113,"column":14},"end":{"line":113,"column":46}},"type":"binary-expr","locations":[{"start":{"line":113,"column":14},"end":{"line":113,"column":39}},{"start":{"line":113,"column":43},"end":{"line":113,"column":46}}]},"8":{"loc":{"start":{"line":119,"column":8},"end":{"line":124,"column":32}},"type":"cond-expr","locations":[{"start":{"line":120,"column":12},"end":{"line":123,"column":14}},{"start":{"line":124,"column":12},"end":{"line":124,"column":32}}]},"9":{"loc":{"start":{"line":124,"column":12},"end":{"line":124,"column":32}},"type":"binary-expr","locations":[{"start":{"line":124,"column":12},"end":{"line":124,"column":26}},{"start":{"line":124,"column":30},"end":{"line":124,"column":32}}]},"10":{"loc":{"start":{"line":183,"column":21},"end":{"line":183,"column":43}},"type":"cond-expr","locations":[{"start":{"line":183,"column":31},"end":{"line":183,"column":36}},{"start":{"line":183,"column":39},"end":{"line":183,"column":43}}]},"11":{"loc":{"start":{"line":185,"column":9},"end":{"line":185,"column":78}},"type":"binary-expr","locations":[{"start":{"line":185,"column":9},"end":{"line":185,"column":17}},{"start":{"line":185,"column":21},"end":{"line":185,"column":78}}]},"12":{"loc":{"start":{"line":188,"column":7},"end":{"line":188,"column":61}},"type":"binary-expr","locations":[{"start":{"line":188,"column":7},"end":{"line":188,"column":14}},{"start":{"line":188,"column":18},"end":{"line":188,"column":61}}]},"13":{"loc":{"start":{"line":189,"column":7},"end":{"line":189,"column":53}},"type":"binary-expr","locations":[{"start":{"line":189,"column":7},"end":{"line":189,"column":10}},{"start":{"line":189,"column":14},"end":{"line":189,"column":53}}]},"14":{"loc":{"start":{"line":191,"column":7},"end":{"line":192,"column":null}},"type":"binary-expr","locations":[{"start":{"line":191,"column":7},"end":{"line":191,"column":15}},{"start":{"line":191,"column":19},"end":{"line":191,"column":23}},{"start":{"line":191,"column":27},"end":{"line":191,"column":45}},{"start":{"line":192,"column":8},"end":{"line":192,"column":67}}]},"15":{"loc":{"start":{"line":194,"column":7},"end":{"line":194,"column":32}},"type":"binary-expr","locations":[{"start":{"line":194,"column":7},"end":{"line":194,"column":15}},{"start":{"line":194,"column":19},"end":{"line":194,"column":23}},{"start":{"line":194,"column":27},"end":{"line":194,"column":32}}]}},"s":{"0":0,"1":0,"2":0,"3":0,"4":0,"5":0,"6":0,"7":0,"8":0,"9":0,"10":0,"11":0,"12":0,"13":0,"14":0,"15":0,"16":0,"17":0,"18":0,"19":0,"20":0,"21":0,"22":0,"23":0,"24":0,"25":0,"26":0,"27":0,"28":0,"29":0,"30":0,"31":0,"32":0,"33":0,"34":0,"35":0,"36":0,"37":0,"38":0,"39":0,"40":0,"41":0,"42":0,"43":0,"44":0,"45":0,"46":0,"47":0,"48":0,"49":0,"50":0,"51":0,"52":0,"53":0,"54":0,"55":0,"56":0,"57":0,"58":0,"59":0,"60":0,"61":0,"62":0,"63":0,"64":0},"f":{"0":0,"1":0,"2":0,"3":0,"4":0,"5":0,"6":0,"7":0,"8":0,"9":0,"10":0,"11":0,"12":0,"13":0,"14":0,"15":0,"16":0,"17":0,"18":0,"19":0,"20":0},"b":{"0":[0,0],"1":[0,0],"2":[0,0],"3":[0,0],"4":[0,0],"5":[0,0],"6":[0,0],"7":[0,0],"8":[0,0],"9":[0,0],"10":[0,0],"11":[0,0],"12":[0,0],"13":[0,0],"14":[0,0,0,0],"15":[0,0,0]}}
,"C:\\Users\\matth\\OneDrive\\Desktop\\SDP Project\\SDP 2\\SDP\\client\\src\\components\\LiveStreamsCTA\\LiveStreamsCTA.tsx": {"path":"C:\\Users\\matth\\OneDrive\\Desktop\\SDP Project\\SDP 2\\SDP\\client\\src\\components\\LiveStreamsCTA\\LiveStreamsCTA.tsx","statementMap":{"0":{"start":{"line":3,"column":2},"end":{"line":10,"column":4}}},"fnMap":{"0":{"name":"LiveStreamsCTA","decl":{"start":{"line":2,"column":24},"end":{"line":2,"column":38}},"loc":{"start":{"line":2,"column":38},"end":{"line":11,"column":1}}}},"branchMap":{},"s":{"0":0},"f":{"0":0},"b":{}}
,"C:\\Users\\matth\\OneDrive\\Desktop\\SDP Project\\SDP 2\\SDP\\client\\src\\components\\LogInPageComp\\GoogleLoginButton.tsx": {"path":"C:\\Users\\matth\\OneDrive\\Desktop\\SDP Project\\SDP 2\\SDP\\client\\src\\components\\LogInPageComp\\GoogleLoginButton.tsx","statementMap":{"0":{"start":{"line":21,"column":22},"end":{"line":21,"column":31}},"1":{"start":{"line":22,"column":19},"end":{"line":22,"column":32}},"2":{"start":{"line":23,"column":42},"end":{"line":23,"column":71}},"3":{"start":{"line":25,"column":16},"end":{"line":73,"column":4}},"4":{"start":{"line":27,"column":6},"end":{"line":67,"column":7}},"5":{"start":{"line":29,"column":35},"end":{"line":35,"column":null}},"6":{"start":{"line":38,"column":23},"end":{"line":38,"column":35}},"7":{"start":{"line":41,"column":20},"end":{"line":43,"column":null}},"8":{"start":{"line":46,"column":8},"end":{"line":49,"column":9}},"9":{"start":{"line":47,"column":10},"end":{"line":47,"column":69}},"10":{"start":{"line":48,"column":10},"end":{"line":48,"column":17}},"11":{"start":{"line":52,"column":24},"end":{"line":60,"column":10}},"12":{"start":{"line":62,"column":8},"end":{"line":62,"column":25}},"13":{"start":{"line":63,"column":8},"end":{"line":63,"column":22}},"14":{"start":{"line":65,"column":8},"end":{"line":65,"column":50}},"15":{"start":{"line":66,"column":8},"end":{"line":66,"column":66}},"16":{"start":{"line":70,"column":6},"end":{"line":70,"column":50}},"17":{"start":{"line":71,"column":6},"end":{"line":71,"column":64}},"18":{"start":{"line":75,"column":2},"end":{"line":93,"column":4}},"19":{"start":{"line":77,"column":29},"end":{"line":77,"column":36}}},"fnMap":{"0":{"name":"GoogleLogInButton","decl":{"start":{"line":20,"column":16},"end":{"line":20,"column":33}},"loc":{"start":{"line":20,"column":33},"end":{"line":94,"column":1}}},"1":{"name":"(anonymous_1)","decl":{"start":{"line":26,"column":15},"end":{"line":26,"column":20}},"loc":{"start":{"line":26,"column":39},"end":{"line":68,"column":5}}},"2":{"name":"(anonymous_2)","decl":{"start":{"line":69,"column":13},"end":{"line":69,"column":14}},"loc":{"start":{"line":69,"column":23},"end":{"line":72,"column":5}}},"3":{"name":"(anonymous_3)","decl":{"start":{"line":77,"column":23},"end":{"line":77,"column":26}},"loc":{"start":{"line":77,"column":29},"end":{"line":77,"column":36}}}},"branchMap":{"0":{"loc":{"start":{"line":46,"column":8},"end":{"line":49,"column":9}},"type":"if","locations":[{"start":{"line":46,"column":8},"end":{"line":49,"column":9}},{"start":{},"end":{}}]},"1":{"loc":{"start":{"line":54,"column":20},"end":{"line":54,"column":67}},"type":"binary-expr","locations":[{"start":{"line":54,"column":20},"end":{"line":54,"column":37}},{"start":{"line":54,"column":41},"end":{"line":54,"column":54}},{"start":{"line":54,"column":58},"end":{"line":54,"column":67}}]},"2":{"loc":{"start":{"line":87,"column":7},"end":{"line":90,"column":null}},"type":"binary-expr","locations":[{"start":{"line":87,"column":7},"end":{"line":87,"column":19}},{"start":{"line":88,"column":8},"end":{"line":89,"column":null}}]}},"s":{"0":0,"1":0,"2":0,"3":0,"4":0,"5":0,"6":0,"7":0,"8":0,"9":0,"10":0,"11":0,"12":0,"13":0,"14":0,"15":0,"16":0,"17":0,"18":0,"19":0},"f":{"0":0,"1":0,"2":0,"3":0},"b":{"0":[0,0],"1":[0,0,0],"2":[0,0]}}
,"C:\\Users\\matth\\OneDrive\\Desktop\\SDP Project\\SDP 2\\SDP\\client\\src\\components\\LogInPageComp\\SignUpPrompt.tsx": {"path":"C:\\Users\\matth\\OneDrive\\Desktop\\SDP Project\\SDP 2\\SDP\\client\\src\\components\\LogInPageComp\\SignUpPrompt.tsx","statementMap":{"0":{"start":{"line":7,"column":2},"end":{"line":14,"column":4}}},"fnMap":{"0":{"name":"SignUpPrompt","decl":{"start":{"line":6,"column":16},"end":{"line":6,"column":28}},"loc":{"start":{"line":6,"column":28},"end":{"line":15,"column":1}}}},"branchMap":{},"s":{"0":0},"f":{"0":0},"b":{}}
,"C:\\Users\\matth\\OneDrive\\Desktop\\SDP Project\\SDP 2\\SDP\\client\\src\\components\\LogInPageComp\\WelcomeMessage.tsx": {"path":"C:\\Users\\matth\\OneDrive\\Desktop\\SDP Project\\SDP 2\\SDP\\client\\src\\components\\LogInPageComp\\WelcomeMessage.tsx","statementMap":{"0":{"start":{"line":5,"column":2},"end":{"line":5,"column":64}}},"fnMap":{"0":{"name":"WelcomeMessage","decl":{"start":{"line":4,"column":16},"end":{"line":4,"column":30}},"loc":{"start":{"line":4,"column":30},"end":{"line":6,"column":1}}}},"branchMap":{},"s":{"0":0},"f":{"0":0},"b":{}}
[...]
umn":61},"end":{"line":154,"column":1}}},"12":{"name":"(anonymous_12)","decl":{"start":{"line":147,"column":27},"end":{"line":147,"column":28}},"loc":{"start":{"line":148,"column":4},"end":{"line":148,"column":52}}},"13":{"name":"(anonymous_13)","decl":{"start":{"line":152,"column":4},"end":{"line":152,"column":5}},"loc":{"start":{"line":152,"column":14},"end":{"line":152,"column":73}}},"14":{"name":"(anonymous_14)","decl":{"start":{"line":157,"column":55},"end":{"line":157,"column":56}},"loc":{"start":{"line":158,"column":2},"end":{"line":159,"column":null}}},"15":{"name":"(anonymous_15)","decl":{"start":{"line":163,"column":75},"end":{"line":163,"column":76}},"loc":{"start":{"line":168,"column":2},"end":{"line":173,"column":null}}},"16":{"name":"(anonymous_16)","decl":{"start":{"line":177,"column":72},"end":{"line":177,"column":73}},"loc":{"start":{"line":180,"column":5},"end":{"line":191,"column":1}}},"17":{"name":"LivePremScoreboard","decl":{"start":{"line":194,"column":24},"end":{"line":194,"column":42}},"loc":{"start":{"line":194,"column":42},"end":{"line":486,"column":1}}},"18":{"name":"(anonymous_18)","decl":{"start":{"line":199,"column":20},"end":{"line":199,"column":25}},"loc":{"start":{"line":199,"column":31},"end":{"line":211,"column":3}}},"19":{"name":"(anonymous_19)","decl":{"start":{"line":213,"column":12},"end":{"line":213,"column":15}},"loc":{"start":{"line":213,"column":17},"end":{"line":217,"column":3}}},"20":{"name":"(anonymous_20)","decl":{"start":{"line":216,"column":11},"end":{"line":216,"column":14}},"loc":{"start":{"line":216,"column":17},"end":{"line":216,"column":33}}},"21":{"name":"(anonymous_21)","decl":{"start":{"line":219,"column":29},"end":{"line":219,"column":32}},"loc":{"start":{"line":219,"column":34},"end":{"line":225,"column":3}}},"22":{"name":"(anonymous_22)","decl":{"start":{"line":221,"column":25},"end":{"line":221,"column":26}},"loc":{"start":{"line":221,"column":32},"end":{"line":224,"column":5}}},"23":{"name":"(anonymous_23)","decl":{"start":{"line":251,"column":24},"end":{"line":251,"column":25}},"loc":{"start":{"line":251,"column":31},"end":{"line":482,"column":9}}},"24":{"name":"(anonymous_24)","decl":{"start":{"line":256,"column":45},"end":{"line":256,"column":46}},"loc":{"start":{"line":256,"column":52},"end":{"line":256,"column":73}}},"25":{"name":"(anonymous_25)","decl":{"start":{"line":257,"column":45},"end":{"line":257,"column":46}},"loc":{"start":{"line":257,"column":52},"end":{"line":257,"column":73}}},"26":{"name":"(anonymous_26)","decl":{"start":{"line":410,"column":30},"end":{"line":410,"column":31}},"loc":{"start":{"line":410,"column":37},"end":{"line":410,"column":73}}},"27":{"name":"(anonymous_27)","decl":{"start":{"line":411,"column":27},"end":{"line":411,"column":28}},"loc":{"start":{"line":411,"column":38},"end":{"line":434,"column":23}}},"28":{"name":"(anonymous_28)","decl":{"start":{"line":417,"column":32},"end":{"line":417,"column":33}},"loc":{"start":{"line":417,"column":39},"end":{"line":417,"column":52}}}},"branchMap":{"0":{"loc":{"start":{"line":110,"column":2},"end":{"line":110,"column":42}},"type":"if","locations":[{"start":{"line":110,"column":2},"end":{"line":110,"column":42}},{"start":{},"end":{}}]},"1":{"loc":{"start":{"line":112,"column":11},"end":{"line":112,"column":80}},"type":"binary-expr","locations":[{"start":{"line":112,"column":11},"end":{"line":112,"column":25}},{"start":{"line":112,"column":29},"end":{"line":112,"column":80}}]},"2":{"loc":{"start":{"line":117,"column":2},"end":{"line":117,"column":29}},"type":"if","locations":[{"start":{"line":117,"column":2},"end":{"line":117,"column":29}},{"start":{},"end":{}}]},"3":{"loc":{"start":{"line":120,"column":9},"end":{"line":120,"column":43}},"type":"cond-expr","locations":[{"start":{"line":120,"column":30},"end":{"line":120,"column":31}},{"start":{"line":120,"column":34},"end":{"line":120,"column":43}}]},"4":{"loc":{"start":{"line":124,"column":2},"end":{"line":124,"column":69}},"type":"binary-expr","locations":[{"start":{"line":124,"column":2},"end":{"line":124,"column":63}},{"start":{"line":124,"column":67},"end":{"line":124,"column":69}}]},"5":{"loc":{"start":{"line":124,"column":32},"end":{"line":124,"column":45}},"type":"binary-expr","locations":[{"start":{"line":124,"column":32},"end":{"line":124,"column":39}},{"start":{"line":124,"column":43},"end":{"line":124,"column":45}}]},"6":{"loc":{"start":{"line":126,"column":35},"end":{"line":126,"column":63}},"type":"binary-expr","locations":[{"start":{"line":126,"column":35},"end":{"line":126,"column":57}},{"start":{"line":126,"column":61},"end":{"line":126,"column":63}}]},"7":{"loc":{"start":{"line":137,"column":2},"end":{"line":137,"column":25}},"type":"if","locations":[{"start":{"line":137,"column":2},"end":{"line":137,"column":25}},{"start":{},"end":{}}]},"8":{"loc":{"start":{"line":140,"column":6},"end":{"line":140,"column":77}},"type":"binary-expr","locations":[{"start":{"line":140,"column":6},"end":{"line":140,"column":27}},{"start":{"line":140,"column":32},"end":{"line":140,"column":76}}]},"9":{"loc":{"start":{"line":140,"column":32},"end":{"line":140,"column":76}},"type":"cond-expr","locations":[{"start":{"line":140,"column":52},"end":{"line":140,"column":64}},{"start":{"line":140,"column":67},"end":{"line":140,"column":76}}]},"10":{"loc":{"start":{"line":145,"column":2},"end":{"line":145,"column":41}},"type":"if","locations":[{"start":{"line":145,"column":2},"end":{"line":145,"column":41}},{"start":{},"end":{}}]},"11":{"loc":{"start":{"line":150,"column":2},"end":{"line":150,"column":24}},"type":"if","locations":[{"start":{"line":150,"column":2},"end":{"line":150,"column":24}},{"start":{},"end":{}}]},"12":{"loc":{"start":{"line":152,"column":15},"end":{"line":152,"column":41}},"type":"binary-expr","locations":[{"start":{"line":152,"column":15},"end":{"line":152,"column":35}},{"start":{"line":152,"column":39},"end":{"line":152,"column":41}}]},"13":{"loc":{"start":{"line":152,"column":46},"end":{"line":152,"column":72}},"type":"binary-expr","locations":[{"start":{"line":152,"column":46},"end":{"line":152,"column":66}},{"start":{"line":152,"column":70},"end":{"line":152,"column":72}}]},"14":{"loc":{"start":{"line":169,"column":43},"end":{"line":169,"column":54}},"type":"binary-expr","locations":[{"start":{"line":169,"column":43},"end":{"line":169,"column":47}},{"start":{"line":169,"column":51},"end":{"line":169,"column":54}}]},"15":{"loc":{"start":{"line":173,"column":42},"end":{"line":173,"column":53}},"type":"binary-expr","locations":[{"start":{"line":173,"column":42},"end":{"line":173,"column":46}},{"start":{"line":173,"column":50},"end":{"line":173,"column":53}}]},"16":{"loc":{"start":{"line":181,"column":38},"end":{"line":181,"column":50}},"type":"binary-expr","locations":[{"start":{"line":181,"column":38},"end":{"line":181,"column":45}},{"start":{"line":181,"column":49},"end":{"line":181,"column":50}}]},"17":{"loc":{"start":{"line":182,"column":38},"end":{"line":182,"column":50}},"type":"binary-expr","locations":[{"start":{"line":182,"column":38},"end":{"line":182,"column":45}},{"start":{"line":182,"column":49},"end":{"line":182,"column":50}}]},"18":{"loc":{"start":{"line":203,"column":6},"end":{"line":203,"column":57}},"type":"if","locations":[{"start":{"line":203,"column":6},"end":{"line":203,"column":57}},{"start":{},"end":{}}]},"19":{"loc":{"start":{"line":207,"column":15},"end":{"line":207,"column":46}},"type":"binary-expr","locations":[{"start":{"line":207,"column":15},"end":{"line":207,"column":25}},{"start":{"line":207,"column":29},"end":{"line":207,"column":46}}]},"20":{"loc":{"start":{"line":220,"column":19},"end":{"line":220,"column":37}},"type":"binary-expr","locations":[{"start":{"line":220,"column":19},"end":{"line":220,"column":31}},{"start":{"line":220,"column":35},"end":{"line":220,"column":37}}]},"21":{"loc":{"start":{"line":233,"column":11},"end":{"line":233,"column":69}},"type":"cond-expr","locations":[{"start":{"line":233,"column":21},"end":{"line":233,"column":44}},{"start":{"line":233,"column":47},"end":{"line":233,"column":69}}]},"22":{"loc":{"start":{"line":237,"column":7},"end":{"line":241,"column":null}},"type":"binary-expr","locations":[{"start":{"line":237,"column":7},"end":{"line":237,"column":12}},{"start":{"line":238,"column":8},"end":{"line":239,"column":null}}]},"23":{"loc":{"start":{"line":244,"column":7},"end":{"line":247,"column":null}},"type":"binary-expr","locations":[{"start":{"line":244,"column":8},"end":{"line":244,"column":19}},{"start":{"line":244,"column":23},"end":{"line":244,"column":46}},{"start":{"line":244,"column":51},"end":{"line":244,"column":59}},{"start":{"line":244,"column":63},"end":{"line":244,"column":69}},{"start":{"line":245,"column":8},"end":{"line":245,"column":null}}]},"24":{"loc":{"start":{"line":254,"column":12},"end":{"line":254,"column":68}},"type":"binary-expr","locations":[{"start":{"line":254,"column":12},"end":{"line":254,"column":36}},{"start":{"line":254,"column":40},"end":{"line":254,"column":68}}]},"25":{"loc":{"start":{"line":260,"column":12},"end":{"line":260,"column":64}},"type":"binary-expr","locations":[{"start":{"line":260,"column":12},"end":{"line":260,"column":32}},{"start":{"line":260,"column":36},"end":{"line":260,"column":57}},{"start":{"line":260,"column":61},"end":{"line":260,"column":64}}]},"26":{"loc":{"start":{"line":276,"column":26},"end":{"line":276,"column":44}},"type":"binary-expr","locations":[{"start":{"line":276,"column":26},"end":{"line":276,"column":38}},{"start":{"line":276,"column":42},"end":{"line":276,"column":44}}]},"27":{"loc":{"start":{"line":277,"column":47},"end":{"line":277,"column":61}},"type":"binary-expr","locations":[{"start":{"line":277,"column":47},"end":{"line":277,"column":55}},{"start":{"line":277,"column":59},"end":{"line":277,"column":61}}]},"28":{"loc":{"start":{"line":278,"column":47},"end":{"line":278,"column":61}},"type":"binary-expr","locations":[{"start":{"line":278,"column":47},"end":{"line":278,"column":55}},{"start":{"line":278,"column":59},"end":{"line":278,"column":61}}]},"29":{"loc":{"start":{"line":279,"column":47},"end":{"line":279,"column":61}},"type":"binary-expr","locations":[{"start":{"line":279,"column":47},"end":{"line":279,"column":55}},{"start":{"line":279,"column":59},"end":{"line":279,"column":61}}]},"30":{"loc":{"start":{"line":280,"column":47},"end":{"line":280,"column":61}},"type":"binary-expr","locations":[{"start":{"line":280,"column":47},"end":{"line":280,"column":55}},{"start":{"line":280,"column":59},"end":{"line":280,"column":61}}]},"31":{"loc":{"start":{"line":309,"column":19},"end":{"line":314,"column":null}},"type":"binary-expr","locations":[{"start":{"line":309,"column":19},"end":{"line":309,"column":35}},{"start":{"line":310,"column":20},"end":{"line":313,"column":null}}]},"32":{"loc":{"start":{"line":319,"column":23},"end":{"line":319,"column":52}},"type":"binary-expr","locations":[{"start":{"line":319,"column":23},"end":{"line":319,"column":45}},{"start":{"line":319,"column":49},"end":{"line":319,"column":52}}]},"33":{"loc":{"start":{"line":326,"column":22},"end":{"line":326,"column":40}},"type":"binary-expr","locations":[{"start":{"line":326,"column":22},"end":{"line":326,"column":33}},{"start":{"line":326,"column":37},"end":{"line":326,"column":40}}]},"34":{"loc":{"start":{"line":326,"column":53},"end":{"line":326,"column":71}},"type":"binary-expr","locations":[{"start":{"line":326,"column":53},"end":{"line":326,"column":64}},{"start":{"line":326,"column":68},"end":{"line":326,"column":71}}]},"35":{"loc":{"start":{"line":334,"column":23},"end":{"line":334,"column":52}},"type":"binary-expr","locations":[{"start":{"line":334,"column":23},"end":{"line":334,"column":45}},{"start":{"line":334,"column":49},"end":{"line":334,"column":52}}]},"36":{"loc":{"start":{"line":337,"column":19},"end":{"line":342,"column":null}},"type":"binary-expr","locations":[{"start":{"line":337,"column":19},"end":{"line":337,"column":35}},{"start":{"line":338,"column":20},"end":{"line":341,"column":null}}]},"37":{"loc":{"start":{"line":350,"column":17},"end":{"line":351,"column":null}},"type":"binary-expr","locations":[{"start":{"line":350,"column":17},"end":{"line":350,"column":40}},{"start":{"line":351,"column":18},"end":{"line":351,"column":76}}]},"38":{"loc":{"start":{"line":359,"column":21},"end":{"line":359,"column":77}},"type":"cond-expr","locations":[{"start":{"line":359,"column":46},"end":{"line":359,"column":71}},{"start":{"line":359,"column":74},"end":{"line":359,"column":77}}]},"39":{"loc":{"start":{"line":363,"column":21},"end":{"line":363,"column":77}},"type":"cond-expr","locations":[{"start":{"line":363,"column":46},"end":{"line":363,"column":71}},{"start":{"line":363,"column":74},"end":{"line":363,"column":77}}]},"40":{"loc":{"start":{"line":374,"column":20},"end":{"line":376,"column":40}},"type":"cond-expr","locations":[{"start":{"line":375,"column":24},"end":{"line":375,"column":56}},{"start":{"line":376,"column":24},"end":{"line":376,"column":40}}]},"41":{"loc":{"start":{"line":374,"column":20},"end":{"line":374,"column":45}},"type":"binary-expr","locations":[{"start":{"line":374,"column":20},"end":{"line":374,"column":29}},{"start":{"line":374,"column":33},"end":{"line":374,"column":45}}]},"42":{"loc":{"start":{"line":376,"column":24},"end":{"line":376,"column":40}},"type":"binary-expr","locations":[{"start":{"line":376,"column":24},"end":{"line":376,"column":33}},{"start":{"line":376,"column":37},"end":{"line":376,"column":40}}]},"43":{"loc":{"start":{"line":379,"column":20},"end":{"line":381,"column":40}},"type":"cond-expr","locations":[{"start":{"line":380,"column":24},"end":{"line":380,"column":56}},{"start":{"line":381,"column":24},"end":{"line":381,"column":40}}]},"44":{"loc":{"start":{"line":379,"column":20},"end":{"line":379,"column":45}},"type":"binary-expr","locations":[{"start":{"line":379,"column":20},"end":{"line":379,"column":29}},{"start":{"line":379,"column":33},"end":{"line":379,"column":45}}]},"45":{"loc":{"start":{"line":381,"column":24},"end":{"line":381,"column":40}},"type":"binary-expr","locations":[{"start":{"line":381,"column":24},"end":{"line":381,"column":33}},{"start":{"line":381,"column":37},"end":{"line":381,"column":40}}]},"46":{"loc":{"start":{"line":403,"column":15},"end":{"line":436,"column":null}},"type":"binary-expr","locations":[{"start":{"line":403,"column":15},"end":{"line":403,"column":33}},{"start":{"line":404,"column":16},"end":{"line":435,"column":null}}]},"47":{"loc":{"start":{"line":410,"column":37},"end":{"line":410,"column":73}},"type":"binary-expr","locations":[{"start":{"line":410,"column":37},"end":{"line":410,"column":46}},{"start":{"line":410,"column":50},"end":{"line":410,"column":61}},{"start":{"line":410,"column":65},"end":{"line":410,"column":73}}]},"48":{"loc":{"start":{"line":413,"column":26},"end":{"line":415,"column":58}},"type":"cond-expr","locations":[{"start":{"line":414,"column":30},"end":{"line":414,"column":58}},{"start":{"line":415,"column":30},"end":{"line":415,"column":58}}]},"49":{"loc":{"start":{"line":419,"column":37},"end":{"line":419,"column":77}},"type":"cond-expr","locations":[{"start":{"line":419,"column":49},"end":{"line":419,"column":52}},{"start":{"line":419,"column":55},"end":{"line":419,"column":77}}]},"50":{"loc":{"start":{"line":419,"column":55},"end":{"line":419,"column":77}},"type":"cond-expr","locations":[{"start":{"line":419,"column":66},"end":{"line":419,"column":70}},{"start":{"line":419,"column":73},"end":{"line":419,"column":77}}]},"51":{"loc":{"start":{"line":426,"column":38},"end":{"line":426,"column":69}},"type":"cond-expr","locations":[{"start":{"line":426,"column":49},"end":{"line":426,"column":64}},{"start":{"line":426,"column":67},"end":{"line":426,"column":69}}]},"52":{"loc":{"start":{"line":427,"column":31},"end":{"line":427,"column":50}},"type":"binary-expr","locations":[{"start":{"line":427,"column":31},"end":{"line":427,"column":34}},{"start":{"line":427,"column":38},"end":{"line":427,"column":50}}]},"53":{"loc":{"start":{"line":440,"column":15},"end":{"line":478,"column":null}},"type":"binary-expr","locations":[{"start":{"line":440,"column":15},"end":{"line":440,"column":19}},{"start":{"line":441,"column":16},"end":{"line":477,"column":null}}]},"54":{"loc":{"start":{"line":451,"column":50},"end":{"line":451,"column":63}},"type":"binary-expr","locations":[{"start":{"line":451,"column":50},"end":{"line":451,"column":56}},{"start":{"line":451,"column":60},"end":{"line":451,"column":63}}]},"55":{"loc":{"start":{"line":455,"column":50},"end":{"line":455,"column":63}},"type":"binary-expr","locations":[{"start":{"line":455,"column":50},"end":{"line":455,"column":56}},{"start":{"line":455,"column":60},"end":{"line":455,"column":63}}]},"56":{"loc":{"start":{"line":459,"column":50},"end":{"line":459,"column":63}},"type":"binary-expr","locations":[{"start":{"line":459,"column":50},"end":{"line":459,"column":56}},{"start":{"line":459,"column":60},"end":{"line":459,"column":63}}]},"57":{"loc":{"start":{"line":462,"column":19},"end":{"line":476,"column":null}},"type":"binary-expr","locations":[{"start":{"line":462,"column":20},"end":{"line":462,"column":29}},{"start":{"line":462,"column":33},"end":{"line":462,"column":43}},{"start":{"line":463,"column":20},"end":{"line":475,"column":null}}]},"58":{"loc":{"start":{"line":467,"column":27},"end":{"line":467,"column":42}},"type":"binary-expr","locations":[{"start":{"line":467,"column":27},"end":{"line":467,"column":36}},{"start":{"line":467,"column":40},"end":{"line":467,"column":42}}]},"59":{"loc":{"start":{"line":467,"column":45},"end":{"line":467,"column":64}},"type":"binary-expr","locations":[{"start":{"line":467,"column":45},"end":{"line":467,"column":58}},{"start":{"line":467,"column":62},"end":{"line":467,"column":64}}]},"60":{"loc":{"start":{"line":473,"column":27},"end":{"line":473,"column":43}},"type":"binary-expr","locations":[{"start":{"line":473,"column":27},"end":{"line":473,"column":37}},{"start":{"line":473,"column":41},"end":{"line":473,"column":43}}]},"61":{"loc":{"start":{"line":473,"column":46},"end":{"line":473,"column":66}},"type":"binary-expr","locations":[{"start":{"line":473,"column":46},"end":{"line":473,"column":60}},{"start":{"line":473,"column":64},"end":{"line":473,"column":66}}]}},"s":{"0":0,"1":0,"2":0,"3":0,"4":0,"5":0,"6":0,"7":0,"8":0,"9":0,"10":0,"11":0,"12":0,"13":0,"14":0,"15":0,"16":0,"17":0,"18":0,"19":0,"20":0,"21":0,"22":0,"23":0,"24":0,"25":0,"26":0,"27":0,"28":0,"29":0,"30":0,"31":0,"32":0,"33":0,"34":0,"35":0,"36":0,"37":0,"38":0,"39":0,"40":0,"41":0,"42":0,"43":0,"44":0,"45":0,"46":0,"47":0,"48":0,"49":0,"50":0,"51":0,"52":0,"53":0,"54":0,"55":0,"56":0,"57":0,"58":0,"59":0,"60":0,"61":0,"62":0,"63":0,"64":0,"65":0,"66":0,"67":0,"68":0,"69":0,"70":0,"71":0,"72":0,"73":0,"74":0,"75":0,"76":0,"77":0,"78":0,"79":0,"80":0,"81":0,"82":0,"83":0,"84":0,"85":0,"86":0,"87":0,"88":0,"89":0,"90":0,"91":0,"92":0,"93":0,"94":0,"95":0,"96":0,"97":0,"98":0,"99":0,"100":0,"101":0,"102":0,"103":0,"104":0,"105":0,"106":0,"107":0},"f":{"0":0,"1":0,"2":0,"3":0,"4":0,"5":0,"6":0,"7":0,"8":0,"9":0,"10":0,"11":0,"12":0,"13":0,"14":0,"15":0,"16":0,"17":0,"18":0,"19":0,"20":0,"21":0,"22":0,"23":0,"24":0,"25":0,"26":0,"27":0,"28":0},"b":{"0":[0,0],"1":[0,0],"2":[0,0],"3":[0,0],"4":[0,0],"5":[0,0],"6":[0,0],"7":[0,0],"8":[0,0],"9":[0,0],"10":[0,0],"11":[0,0],"12":[0,0],"13":[0,0],"14":[0,0],"15":[0,0],"16":[0,0],"17":[0,0],"18":[0,0],"19":[0,0],"20":[0,0],"21":[0,0],"22":[0,0],"23":[0,0,0,0,0],"24":[0,0],"25":[0,0,0],"26":[0,0],"27":[0,0],"28":[0,0],"29":[0,0],"30":[0,0],"31":[0,0],"32":[0,0],"33":[0,0],"34":[0,0],"35":[0,0],"36":[0,0],"37":[0,0],"38":[0,0],"39":[0,0],"40":[0,0],"41":[0,0],"42":[0,0],"43":[0,0],"44":[0,0],"45":[0,0],"46":[0,0],"47":[0,0,0],"48":[0,0],"49":[0,0],"50":[0,0],"51":[0,0],"52":[0,0],"53":[0,0],"54":[0,0],"55":[0,0],"56":[0,0],"57":[0,0,0],"58":[0,0],"59":[0,0],"60":[0,0],"61":[0,0]}}
}
