TN:
SF:src\App.tsx
FN:11,App
FNF:1
FNH:0
FNDA:0,App
DA:12,0
LF:1
LH:0
BRF:0
BRH:0
end_of_record
TN:
SF:src\Layout.tsx
FN:3,Layout
FNF:1
FNH:0
FNDA:0,Layout
DA:4,0
LF:1
LH:0
BRF:0
BRH:0
end_of_record
TN:
SF:src\config.ts
FNF:0
FNH:0
DA:1,0
LF:1
LH:0
BRF:0
BRH:0
end_of_record
TN:
SF:src\main.tsx
FNF:0
FNH:0
DA:6,0
LF:1
LH:0
BRF:0
BRH:0
end_of_record
TN:
SF:src\Users\ProfileContext.tsx
FN:28,(anonymous_0)
FN:31,(anonymous_1)
FN:38,(anonymous_2)
FN:49,(anonymous_3)
FN:77,(anonymous_4)
FN:90,(anonymous_5)
FNF:6
FNH:0
FNDA:0,(anonymous_0)
FNDA:0,(anonymous_1)
FNDA:0,(anonymous_2)
FNDA:0,(anonymous_3)
FNDA:0,(anonymous_4)
FNDA:0,(anonymous_5)
DA:19,0
DA:26,0
DA:31,0
DA:34,0
DA:35,0
DA:38,0
DA:41,0
DA:42,0
DA:43,0
DA:45,0
DA:49,0
DA:50,0
DA:51,0
DA:53,0
DA:55,0
DA:56,0
DA:64,0
DA:67,0
DA:72,0
DA:77,0
DA:78,0
DA:79,0
DA:83,0
DA:90,0
LF:24
LH:0
BRDA:43,0,0,0
BRDA:43,0,1,0
BRDA:50,1,0,0
BRDA:50,1,1,0
BRDA:57,2,0,0
BRDA:57,2,1,0
BRDA:58,3,0,0
BRDA:58,3,1,0
BRDA:59,4,0,0
BRDA:59,4,1,0
BRDA:78,5,0,0
BRDA:78,5,1,0
BRF:12
BRH:0
end_of_record
TN:
SF:src\Users\User.ts
FN:10,(anonymous_0)
FNF:1
FNH:0
FNDA:0,(anonymous_0)
DA:28,0
DA:34,0
LF:2
LH:0
BRF:0
BRH:0
end_of_record
TN:
SF:src\Users\UserContext.tsx
FN:14,(anonymous_0)
FN:21,(anonymous_1)
FN:30,(anonymous_2)
FN:48,(anonymous_3)
FNF:4
FNH:0
FNDA:0,(anonymous_0)
FNDA:0,(anonymous_1)
FNDA:0,(anonymous_2)
FNDA:0,(anonymous_3)
DA:12,0
DA:14,0
DA:17,0
DA:18,0
DA:21,0
DA:22,0
DA:23,0
DA:24,0
DA:25,0
DA:26,0
DA:30,0
DA:31,0
DA:32,0
DA:33,0
DA:35,0
DA:36,0
DA:38,0
DA:41,0
DA:48,0
DA:49,0
DA:50,0
DA:51,0
DA:53,0
LF:23
LH:0
BRDA:23,0,0,0
BRDA:23,0,1,0
BRDA:31,1,0,0
BRDA:31,1,1,0
BRDA:33,2,0,0
BRDA:33,2,1,0
BRDA:50,3,0,0
BRDA:50,3,1,0
BRF:8
BRH:0
end_of_record
TN:
SF:src\api\espn.ts
FN:53,formatEspnDate
FN:60,fetchScoreboard
FN:87,fetchEplNews
FN:106,extractEntries
FN:107,(anonymous_4)
FN:108,(anonymous_5)
FN:111,mapRow
FN:112,(anonymous_7)
FN:112,(anonymous_8)
FN:113,(anonymous_9)
FN:127,fetchEplStandings
FN:148,(anonymous_11)
FN:150,(anonymous_12)
FN:151,(anonymous_13)
FN:152,(anonymous_14)
FN:177,normalizeMinute
FN:182,parseNum
FN:190,valFrom
FN:194,normKey
FN:197,findStat
FN:216,sharePct
FN:223,extractScorersFromScoreboardEvent
FN:227,(anonymous_22)
FN:235,(anonymous_23)
FN:237,(anonymous_24)
FN:251,extractStatsFromScoreboardEvent
FN:253,(anonymous_26)
FN:254,(anonymous_27)
FN:265,(anonymous_28)
FNF:29
FNH:0
FNDA:0,formatEspnDate
FNDA:0,fetchScoreboard
FNDA:0,fetchEplNews
FNDA:0,extractEntries
FNDA:0,(anonymous_4)
FNDA:0,(anonymous_5)
FNDA:0,mapRow
FNDA:0,(anonymous_7)
FNDA:0,(anonymous_8)
FNDA:0,(anonymous_9)
FNDA:0,fetchEplStandings
FNDA:0,(anonymous_11)
FNDA:0,(anonymous_12)
FNDA:0,(anonymous_13)
FNDA:0,(anonymous_14)
FNDA:0,normalizeMinute
FNDA:0,parseNum
FNDA:0,valFrom
FNDA:0,normKey
FNDA:0,findStat
FNDA:0,sharePct
FNDA:0,extractScorersFromScoreboardEvent
FNDA:0,(anonymous_22)
FNDA:0,(anonymous_23)
FNDA:0,(anonymous_24)
FNDA:0,extractStatsFromScoreboardEvent
FNDA:0,(anonymous_26)
FNDA:0,(anonymous_27)
FNDA:0,(anonymous_28)
DA:50,0
DA:54,0
DA:55,0
DA:56,0
DA:57,0
DA:61,0
DA:62,0
DA:63,0
DA:64,0
DA:65,0
DA:85,0
DA:88,0
DA:89,0
DA:90,0
DA:104,0
DA:107,0
DA:108,0
DA:109,0
DA:112,0
DA:113,0
DA:114,0
DA:115,0
DA:116,0
DA:117,0
DA:118,0
DA:119,0
DA:120,0
DA:122,0
DA:124,0
DA:125,0
DA:132,0
DA:133,0
DA:134,0
DA:137,0
DA:138,0
DA:139,0
DA:140,0
DA:141,0
DA:142,0
DA:143,0
DA:144,0
DA:145,0
DA:146,0
DA:147,0
DA:148,0
DA:149,0
DA:150,0
DA:151,0
DA:152,0
DA:153,0
DA:156,0
DA:178,0
DA:179,0
DA:180,0
DA:183,0
DA:184,0
DA:185,0
DA:186,0
DA:188,0
DA:191,0
DA:192,0
DA:195,0
DA:198,0
DA:199,0
DA:201,0
DA:206,0
DA:207,0
DA:208,0
DA:209,0
DA:210,0
DA:214,0
DA:217,0
DA:218,0
DA:219,0
DA:224,0
DA:226,0
DA:227,0
DA:228,0
DA:229,0
DA:230,0
DA:233,0
DA:234,0
DA:235,0
DA:237,0
DA:238,0
DA:240,0
DA:243,0
DA:244,0
DA:245,0
DA:246,0
DA:252,0
DA:253,0
DA:254,0
DA:255,0
DA:256,0
DA:259,0
DA:260,0
DA:261,0
DA:265,0
DA:266,0
DA:267,0
DA:268,0
DA:269,0
DA:277,0
DA:281,0
DA:286,0
DA:287,0
DA:288,0
DA:289,0
DA:297,0
DA:300,0
DA:301,0
DA:303,0
DA:312,0
LF:114
LH:0
BRDA:62,0,0,0
BRDA:62,0,1,0
BRDA:64,1,0,0
BRDA:64,1,1,0
BRDA:89,2,0,0
BRDA:89,2,1,0
BRDA:107,3,0,0
BRDA:107,3,1,0
BRDA:107,4,0,0
BRDA:107,4,1,0
BRDA:108,5,0,0
BRDA:108,5,1,0
BRDA:108,6,0,0
BRDA:108,6,1,0
BRDA:113,7,0,0
BRDA:113,7,1,0
BRDA:113,8,0,0
BRDA:113,8,1,0
BRDA:114,9,0,0
BRDA:114,9,1,0
BRDA:116,10,0,0
BRDA:116,10,1,0
BRDA:116,10,2,0
BRDA:117,11,0,0
BRDA:117,11,1,0
BRDA:118,12,0,0
BRDA:118,12,1,0
BRDA:119,13,0,0
BRDA:119,13,1,0
BRDA:120,14,0,0
BRDA:120,14,1,0
BRDA:122,15,0,0
BRDA:122,15,1,0
BRDA:122,16,0,0
BRDA:122,16,1,0
BRDA:123,17,0,0
BRDA:123,17,1,0
BRDA:124,18,0,0
BRDA:124,18,1,0
BRDA:125,19,0,0
BRDA:125,19,1,0
BRDA:133,20,0,0
BRDA:133,20,1,0
BRDA:134,21,0,0
BRDA:134,21,1,0
BRDA:139,22,0,0
BRDA:139,22,1,0
BRDA:141,23,0,0
BRDA:141,23,1,0
BRDA:143,24,0,0
BRDA:143,24,1,0
BRDA:146,25,0,0
BRDA:146,25,1,0
BRDA:149,26,0,0
BRDA:149,26,1,0
BRDA:150,27,0,0
BRDA:150,27,1,0
BRDA:150,27,2,0
BRDA:178,28,0,0
BRDA:178,28,1,0
BRDA:180,29,0,0
BRDA:180,29,1,0
BRDA:183,30,0,0
BRDA:183,30,1,0
BRDA:184,31,0,0
BRDA:184,31,1,0
BRDA:186,32,0,0
BRDA:186,32,1,0
BRDA:191,33,0,0
BRDA:191,33,1,0
BRDA:192,34,0,0
BRDA:192,34,1,0
BRDA:192,34,2,0
BRDA:195,35,0,0
BRDA:195,35,1,0
BRDA:198,36,0,0
BRDA:198,36,1,0
BRDA:201,37,0,0
BRDA:201,37,1,0
BRDA:201,37,2,0
BRDA:201,37,3,0
BRDA:201,37,4,0
BRDA:206,38,0,0
BRDA:206,38,1,0
BRDA:208,39,0,0
BRDA:208,39,1,0
BRDA:210,40,0,0
BRDA:210,40,1,0
BRDA:217,41,0,0
BRDA:217,41,1,0
BRDA:217,42,0,0
BRDA:217,42,1,0
BRDA:219,43,0,0
BRDA:219,43,1,0
BRDA:227,44,0,0
BRDA:227,44,1,0
BRDA:228,45,0,0
BRDA:228,45,1,0
BRDA:230,46,0,0
BRDA:230,46,1,0
BRDA:230,47,0,0
BRDA:230,47,1,0
BRDA:233,48,0,0
BRDA:233,48,1,0
BRDA:234,49,0,0
BRDA:234,49,1,0
BRDA:234,50,0,0
BRDA:234,50,1,0
BRDA:238,51,0,0
BRDA:238,51,1,0
BRDA:240,52,0,0
BRDA:240,52,1,0
BRDA:240,52,2,0
BRDA:242,53,0,0
BRDA:242,53,1,0
BRDA:244,54,0,0
BRDA:244,54,1,0
BRDA:244,55,0,0
BRDA:244,55,1,0
BRDA:255,56,0,0
BRDA:255,56,1,0
BRDA:256,57,0,0
BRDA:256,57,1,0
BRDA:261,58,0,0
BRDA:261,58,1,0
BRDA:262,59,0,0
BRDA:262,59,1,0
BRDA:268,60,0,0
BRDA:268,60,1,0
BRDA:268,61,0,0
BRDA:268,61,1,0
BRDA:281,62,0,0
BRDA:281,62,1,0
BRDA:281,62,2,0
BRDA:281,62,3,0
BRDA:287,63,0,0
BRDA:287,63,1,0
BRDA:297,64,0,0
BRDA:297,64,1,0
BRDA:303,65,0,0
BRDA:303,65,1,0
BRDA:303,66,0,0
BRDA:303,66,1,0
BRF:143
BRH:0
end_of_record
TN:
SF:src\components\NavBar.tsx
FN:3,NavBar
FNF:1
FNH:0
FNDA:0,NavBar
DA:4,0
LF:1
LH:0
BRF:0
BRH:0
end_of_record
TN:
SF:src\components\Footer\Footer.tsx
FN:5,Footer
FNF:1
FNH:0
FNDA:0,Footer
DA:6,0
DA:8,0
LF:2
LH:0
BRDA:13,0,0,0
BRDA:13,0,1,0
BRF:2
BRH:0
end_of_record
TN:
SF:src\components\Header\Header.tsx
FN:6,Header
FN:13,(anonymous_1)
FN:14,(anonymous_2)
FN:37,(anonymous_3)
FNF:4
FNH:0
FNDA:0,Header
FNDA:0,(anonymous_1)
FNDA:0,(anonymous_2)
FNDA:0,(anonymous_3)
DA:7,0
DA:8,0
DA:9,0
DA:10,0
DA:13,0
DA:14,0
DA:25,0
DA:37,0
LF:8
LH:0
BRDA:8,0,0,0
BRDA:8,0,1,0
BRDA:45,1,0,0
BRDA:45,1,1,0
BRF:4
BRH:0
end_of_record
TN:
SF:src\components\LastestNews\LastestNews.tsx
FN:17,LatestNews
FN:22,(anonymous_1)
FN:24,(anonymous_2)
FN:29,(anonymous_3)
FN:33,(anonymous_4)
FN:62,(anonymous_5)
FN:79,(anonymous_6)
FNF:7
FNH:0
FNDA:0,LatestNews
FNDA:0,(anonymous_1)
FNDA:0,(anonymous_2)
FNDA:0,(anonymous_3)
FNDA:0,(anonymous_4)
FNDA:0,(anonymous_5)
FNDA:0,(anonymous_6)
DA:18,0
DA:19,0
DA:20,0
DA:22,0
DA:23,0
DA:24,0
DA:25,0
DA:26,0
DA:27,0
DA:29,0
DA:30,0
DA:31,0
DA:33,0
DA:35,0
DA:51,0
DA:52,0
DA:53,0
DA:56,0
DA:58,0
DA:62,0
DA:63,0
DA:67,0
DA:80,0
LF:23
LH:0
BRDA:29,0,0,0
BRDA:29,0,1,0
BRDA:30,1,0,0
BRDA:30,1,1,0
BRDA:30,1,2,0
BRDA:33,2,0,0
BRDA:33,2,1,0
BRDA:38,3,0,0
BRDA:38,3,1,0
BRDA:47,4,0,0
BRDA:47,4,1,0
BRDA:51,5,0,0
BRDA:51,5,1,0
BRDA:56,6,0,0
BRDA:56,6,1,0
BRDA:56,7,0,0
BRDA:56,7,1,0
BRDA:58,8,0,0
BRDA:58,8,1,0
BRDA:71,9,0,0
BRDA:71,9,1,0
BRDA:72,10,0,0
BRDA:72,10,1,0
BRDA:74,11,0,0
BRDA:74,11,1,0
BRDA:74,11,2,0
BRDA:74,11,3,0
BRDA:81,12,0,0
BRDA:81,12,1,0
BRDA:94,13,0,0
BRDA:94,13,1,0
BRDA:99,14,0,0
BRDA:99,14,1,0
BRDA:108,15,0,0
BRDA:108,15,1,0
BRDA:109,16,0,0
BRDA:109,16,1,0
BRF:37
BRH:0
end_of_record
TN:
SF:src\components\LeagueTable\LeagueTable.tsx
FN:19,seasonLabel
FN:24,LeagueTable
FN:31,(anonymous_2)
FN:38,(anonymous_3)
FN:40,(anonymous_4)
FN:56,(anonymous_5)
FN:69,(anonymous_6)
FN:69,(anonymous_7)
FN:81,(anonymous_8)
FN:81,(anonymous_9)
FN:108,(anonymous_10)
FNF:11
FNH:0
FNDA:0,seasonLabel
FNDA:0,LeagueTable
FNDA:0,(anonymous_2)
FNDA:0,(anonymous_3)
FNDA:0,(anonymous_4)
FNDA:0,(anonymous_5)
FNDA:0,(anonymous_6)
FNDA:0,(anonymous_7)
FNDA:0,(anonymous_8)
FNDA:0,(anonymous_9)
FNDA:0,(anonymous_10)
DA:16,0
DA:17,0
DA:20,0
DA:21,0
DA:25,0
DA:26,0
DA:27,0
DA:28,0
DA:30,0
DA:31,0
DA:38,0
DA:39,0
DA:40,0
DA:41,0
DA:42,0
DA:43,0
DA:46,0
DA:48,0
DA:50,0
DA:52,0
DA:56,0
DA:57,0
DA:61,0
DA:69,0
DA:81,0
DA:109,0
LF:26
LH:0
BRDA:48,0,0,0
BRDA:48,0,1,0
BRDA:50,1,0,0
BRDA:50,1,1,0
BRDA:50,2,0,0
BRDA:50,2,1,0
BRDA:52,3,0,0
BRDA:52,3,1,0
BRDA:103,4,0,0
BRDA:103,4,1,0
BRDA:104,5,0,0
BRDA:104,5,1,0
BRDA:106,6,0,0
BRDA:106,6,1,0
BRDA:106,6,2,0
BRDA:121,7,0,0
BRDA:121,7,1,0
BRDA:121,7,2,0
BRDA:121,7,3,0
BRF:19
BRH:0
end_of_record
TN:
SF:src\components\LiveLeagueGames\LiveLeagueGames.tsx
FN:18,LiveLeagueGames
FN:26,(anonymous_1)
FN:26,(anonymous_2)
FN:31,(anonymous_3)
FN:32,(anonymous_4)
FN:33,(anonymous_5)
FN:35,(anonymous_6)
FN:39,(anonymous_7)
FN:52,(anonymous_8)
FN:65,(anonymous_9)
FN:67,(anonymous_10)
FN:83,(anonymous_11)
FN:106,(anonymous_12)
FN:107,(anonymous_13)
FN:110,(anonymous_14)
FN:111,(anonymous_15)
FN:112,(anonymous_16)
FN:150,(anonymous_17)
FN:152,(anonymous_18)
FN:167,(anonymous_19)
FN:169,(anonymous_20)
FNF:21
FNH:0
FNDA:0,LiveLeagueGames
FNDA:0,(anonymous_1)
FNDA:0,(anonymous_2)
FNDA:0,(anonymous_3)
FNDA:0,(anonymous_4)
FNDA:0,(anonymous_5)
FNDA:0,(anonymous_6)
FNDA:0,(anonymous_7)
FNDA:0,(anonymous_8)
FNDA:0,(anonymous_9)
FNDA:0,(anonymous_10)
FNDA:0,(anonymous_11)
FNDA:0,(anonymous_12)
FNDA:0,(anonymous_13)
FNDA:0,(anonymous_14)
FNDA:0,(anonymous_15)
FNDA:0,(anonymous_16)
FNDA:0,(anonymous_17)
FNDA:0,(anonymous_18)
FNDA:0,(anonymous_19)
FNDA:0,(anonymous_20)
DA:19,0
DA:20,0
DA:21,0
DA:22,0
DA:25,0
DA:26,0
DA:31,0
DA:32,0
DA:33,0
DA:34,0
DA:35,0
DA:39,0
DA:40,0
DA:41,0
DA:42,0
DA:43,0
DA:45,0
DA:47,0
DA:52,0
DA:53,0
DA:54,0
DA:62,0
DA:63,0
DA:65,0
DA:67,0
DA:68,0
DA:69,0
DA:70,0
DA:75,0
DA:76,0
DA:77,0
DA:81,0
DA:83,0
DA:84,0
DA:85,0
DA:86,0
DA:87,0
DA:89,0
DA:92,0
DA:94,0
DA:99,0
DA:102,0
DA:106,0
DA:107,0
DA:108,0
DA:109,0
DA:110,0
DA:111,0
DA:112,0
DA:119,0
DA:126,0
DA:128,0
DA:144,0
DA:151,0
DA:152,0
DA:168,0
DA:169,0
LF:57
LH:0
BRDA:26,0,0,0
BRDA:26,0,1,0
BRDA:45,1,0,0
BRDA:45,1,1,0
BRDA:68,2,0,0
BRDA:68,2,1,0
BRDA:75,3,0,0
BRDA:75,3,1,0
BRDA:81,4,0,0
BRDA:81,4,1,0
BRDA:84,5,0,0
BRDA:84,5,1,0
BRDA:107,6,0,0
BRDA:107,6,1,0
BRDA:113,7,0,0
BRDA:113,7,1,0
BRDA:119,8,0,0
BRDA:119,8,1,0
BRDA:124,9,0,0
BRDA:124,9,1,0
BRDA:183,10,0,0
BRDA:183,10,1,0
BRDA:185,11,0,0
BRDA:185,11,1,0
BRDA:188,12,0,0
BRDA:188,12,1,0
BRDA:189,13,0,0
BRDA:189,13,1,0
BRDA:191,14,0,0
BRDA:191,14,1,0
BRDA:191,14,2,0
BRDA:191,14,3,0
BRDA:194,15,0,0
BRDA:194,15,1,0
BRDA:194,15,2,0
BRF:35
BRH:0
end_of_record
TN:
SF:src\components\LiveStreamsCTA\LiveStreamsCTA.tsx
FN:2,LiveStreamsCTA
FNF:1
FNH:0
FNDA:0,LiveStreamsCTA
DA:3,0
LF:1
LH:0
BRF:0
BRH:0
end_of_record
TN:
SF:src\components\LogInPageComp\GoogleLoginButton.tsx
FN:20,GoogleLogInButton
FN:26,(anonymous_1)
FN:69,(anonymous_2)
FN:77,(anonymous_3)
FNF:4
FNH:0
FNDA:0,GoogleLogInButton
FNDA:0,(anonymous_1)
FNDA:0,(anonymous_2)
FNDA:0,(anonymous_3)
DA:21,0
DA:22,0
DA:23,0
DA:25,0
DA:27,0
DA:29,0
DA:38,0
DA:41,0
DA:46,0
DA:47,0
DA:48,0
DA:52,0
DA:62,0
DA:63,0
DA:65,0
DA:66,0
DA:70,0
DA:71,0
DA:75,0
DA:77,0
LF:20
LH:0
BRDA:46,0,0,0
BRDA:46,0,1,0
BRDA:54,1,0,0
BRDA:54,1,1,0
BRDA:54,1,2,0
BRDA:87,2,0,0
BRDA:87,2,1,0
BRF:7
BRH:0
end_of_record
TN:
SF:src\components\LogInPageComp\SignUpPrompt.tsx
FN:6,SignUpPrompt
FNF:1
FNH:0
FNDA:0,SignUpPrompt
DA:7,0
LF:1
LH:0
BRF:0
BRH:0
end_of_record
TN:
SF:src\components\LogInPageComp\WelcomeMessage.tsx
FN:4,WelcomeMessage
FNF:1
FNH:0
FNDA:0,WelcomeMessage
DA:5,0
LF:1
LH:0
BRF:0
BRH:0
end_of_record
TN:
SF:src\components\MatchCard\MatchCard.tsx
FN:26,MatchCard
FN:41,(anonymous_1)
FN:41,(anonymous_2)
FN:73,(anonymous_3)
FN:108,(anonymous_4)
FNF:5
FNH:0
FNDA:0,MatchCard
FNDA:0,(anonymous_1)
FNDA:0,(anonymous_2)
FNDA:0,(anonymous_3)
FNDA:0,(anonymous_4)
DA:35,0
DA:37,0
DA:41,0
DA:74,0
DA:109,0
LF:5
LH:0
BRDA:45,0,0,0
BRDA:45,0,1,0
BRDA:51,1,0,0
BRDA:51,1,1,0
BRDA:52,2,0,0
BRDA:52,2,1,0
BRDA:58,3,0,0
BRDA:58,3,1,0
BRDA:63,4,0,0
BRDA:63,4,1,0
BRDA:67,5,0,0
BRDA:67,5,1,0
BRDA:67,5,2,0
BRDA:67,5,3,0
BRDA:84,6,0,0
BRDA:84,6,1,0
BRDA:90,7,0,0
BRDA:90,7,1,0
BRDA:90,8,0,0
BRDA:90,8,1,0
BRDA:93,9,0,0
BRDA:93,9,1,0
BRDA:102,10,0,0
BRDA:102,10,1,0
BRDA:110,11,0,0
BRDA:110,11,1,0
BRDA:112,12,0,0
BRDA:112,12,1,0
BRF:28
BRH:0
end_of_record
TN:
SF:src\components\SignUpPageComp\GoogleSignUpButton.tsx
FN:21,GoogleSignUpButton
FN:27,(anonymous_1)
FN:57,(anonymous_2)
FN:68,(anonymous_3)
FNF:4
FNH:0
FNDA:0,GoogleSignUpButton
FNDA:0,(anonymous_1)
FNDA:0,(anonymous_2)
FNDA:0,(anonymous_3)
DA:22,0
DA:23,0
DA:24,0
DA:26,0
DA:28,0
DA:29,0
DA:34,0
DA:35,0
DA:37,0
DA:42,0
DA:43,0
DA:44,0
DA:47,0
DA:49,0
DA:50,0
DA:51,0
DA:53,0
DA:54,0
DA:58,0
DA:59,0
DA:63,0
DA:68,0
LF:22
LH:0
BRDA:35,0,0,0
BRDA:35,0,1,0
BRDA:42,1,0,0
BRDA:42,1,1,0
BRDA:89,2,0,0
BRDA:89,2,1,0
BRF:6
BRH:0
end_of_record
TN:
SF:src\components\SignUpPageComp\LoginPrompt.tsx
FN:5,LoginPrompt
FNF:1
FNH:0
FNDA:0,LoginPrompt
DA:6,0
LF:1
LH:0
BRF:0
BRH:0
end_of_record
TN:
SF:src\components\StatDualCount\StatDualCount.tsx
FN:11,StatDualCount
FNF:1
FNH:0
FNDA:0,StatDualCount
DA:18,0
LF:1
LH:0
BRDA:23,0,0,0
BRDA:23,0,1,0
BRDA:24,1,0,0
BRDA:24,1,1,0
BRDA:28,2,0,0
BRDA:28,2,1,0
BRDA:29,3,0,0
BRDA:29,3,1,0
BRF:8
BRH:0
end_of_record
TN:
SF:src\components\StatsBar\StatsBar.tsx
FN:17,safePct
FN:22,StatsBar
FNF:2
FNH:0
FNDA:0,safePct
FNDA:0,StatsBar
DA:18,0
DA:19,0
DA:28,0
DA:29,0
DA:34,0
DA:35,0
DA:37,0
DA:38,0
DA:40,0
DA:41,0
DA:43,0
LF:11
LH:0
BRDA:18,0,0,0
BRDA:18,0,1,0
BRDA:18,1,0,0
BRDA:18,1,1,0
BRDA:29,2,0,0
BRDA:29,2,1,0
BRDA:30,3,0,0
BRDA:30,3,1,0
BRDA:30,3,2,0
BRDA:35,4,0,0
BRDA:35,4,1,0
BRDA:40,5,0,0
BRDA:40,5,1,0
BRDA:41,6,0,0
BRDA:41,6,1,0
BRF:15
BRH:0
end_of_record
TN:
SF:src\pages\SignUpPage.tsx
FN:7,SignUpPage
FNF:1
FNH:1
FNDA:3,SignUpPage
DA:3,1
DA:4,1
DA:5,1
DA:7,1
DA:8,3
LF:5
LH:5
BRF:0
BRH:0
end_of_record
TN:
SF:src\pages\ball.tsx
FN:1,Ball
FNF:1
FNH:0
FNDA:0,Ball
DA:2,0
LF:1
LH:0
BRF:0
BRH:0
end_of_record
TN:
SF:src\pages\house.tsx
FN:1,House
FNF:1
FNH:0
FNDA:0,House
DA:2,0
LF:1
LH:0
BRF:0
BRH:0
end_of_record
TN:
SF:src\pages\liveeplscoreboard.tsx
FN:109,(anonymous_0)
FN:112,(anonymous_1)
FN:116,(anonymous_2)
FN:123,(anonymous_3)
FN:124,(anonymous_4)
FN:126,(anonymous_5)
FN:128,(anonymous_6)
FN:129,(anonymous_7)
FN:130,(anonymous_8)
FN:132,(anonymous_9)
FN:139,(anonymous_10)
FN:144,(anonymous_11)
FN:147,(anonymous_12)
FN:152,(anonymous_13)
FN:157,(anonymous_14)
FN:163,(anonymous_15)
FN:177,(anonymous_16)
FN:194,LivePremScoreboard
FN:199,(anonymous_18)
FN:213,(anonymous_19)
FN:216,(anonymous_20)
FN:219,(anonymous_21)
FN:221,(anonymous_22)
FN:251,(anonymous_23)
FN:256,(anonymous_24)
FN:257,(anonymous_25)
FN:410,(anonymous_26)
FN:411,(anonymous_27)
FN:417,(anonymous_28)
FNF:29
FNH:0
FNDA:0,(anonymous_0)
FNDA:0,(anonymous_1)
FNDA:0,(anonymous_2)
FNDA:0,(anonymous_3)
FNDA:0,(anonymous_4)
FNDA:0,(anonymous_5)
FNDA:0,(anonymous_6)
FNDA:0,(anonymous_7)
FNDA:0,(anonymous_8)
FNDA:0,(anonymous_9)
FNDA:0,(anonymous_10)
FNDA:0,(anonymous_11)
FNDA:0,(anonymous_12)
FNDA:0,(anonymous_13)
FNDA:0,(anonymous_14)
FNDA:0,(anonymous_15)
FNDA:0,(anonymous_16)
FNDA:0,LivePremScoreboard
FNDA:0,(anonymous_18)
FNDA:0,(anonymous_19)
FNDA:0,(anonymous_20)
FNDA:0,(anonymous_21)
FNDA:0,(anonymous_22)
FNDA:0,(anonymous_23)
FNDA:0,(anonymous_24)
FNDA:0,(anonymous_25)
FNDA:0,(anonymous_26)
FNDA:0,(anonymous_27)
FNDA:0,(anonymous_28)
DA:106,0
DA:109,0
DA:110,0
DA:111,0
DA:112,0
DA:114,0
DA:116,0
DA:117,0
DA:119,0
DA:120,0
DA:123,0
DA:124,0
DA:126,0
DA:128,0
DA:129,0
DA:130,0
DA:132,0
DA:137,0
DA:138,0
DA:140,0
DA:144,0
DA:145,0
DA:147,0
DA:148,0
DA:150,0
DA:151,0
DA:152,0
DA:157,0
DA:158,0
DA:163,0
DA:168,0
DA:177,0
DA:181,0
DA:182,0
DA:183,0
DA:195,0
DA:196,0
DA:197,0
DA:199,0
DA:200,0
DA:201,0
DA:202,0
DA:203,0
DA:204,0
DA:205,0
DA:207,0
DA:209,0
DA:213,0
DA:214,0
DA:215,0
DA:216,0
DA:219,0
DA:220,0
DA:221,0
DA:222,0
DA:223,0
DA:227,0
DA:252,0
DA:254,0
DA:255,0
DA:256,0
DA:257,0
DA:260,0
DA:261,0
DA:264,0
DA:265,0
DA:266,0
DA:267,0
DA:268,0
DA:269,0
DA:270,0
DA:271,0
DA:272,0
DA:273,0
DA:276,0
DA:277,0
DA:278,0
DA:279,0
DA:280,0
DA:283,0
DA:284,0
DA:285,0
DA:286,0
DA:287,0
DA:288,0
DA:289,0
DA:290,0
DA:292,0
DA:410,0
DA:413,0
DA:416,0
DA:417,0
DA:419,0
DA:420,0
LF:94
LH:0
BRDA:110,0,0,0
BRDA:110,0,1,0
BRDA:112,1,0,0
BRDA:112,1,1,0
BRDA:117,2,0,0
BRDA:117,2,1,0
BRDA:120,3,0,0
BRDA:120,3,1,0
BRDA:124,4,0,0
BRDA:124,4,1,0
BRDA:124,5,0,0
BRDA:124,5,1,0
BRDA:126,6,0,0
BRDA:126,6,1,0
BRDA:137,7,0,0
BRDA:137,7,1,0
BRDA:140,8,0,0
BRDA:140,8,1,0
BRDA:140,9,0,0
BRDA:140,9,1,0
BRDA:145,10,0,0
BRDA:145,10,1,0
BRDA:150,11,0,0
BRDA:150,11,1,0
BRDA:152,12,0,0
BRDA:152,12,1,0
BRDA:152,13,0,0
BRDA:152,13,1,0
BRDA:169,14,0,0
BRDA:169,14,1,0
BRDA:173,15,0,0
BRDA:173,15,1,0
BRDA:181,16,0,0
BRDA:181,16,1,0
BRDA:182,17,0,0
BRDA:182,17,1,0
BRDA:203,18,0,0
BRDA:203,18,1,0
BRDA:207,19,0,0
BRDA:207,19,1,0
BRDA:220,20,0,0
BRDA:220,20,1,0
BRDA:233,21,0,0
BRDA:233,21,1,0
BRDA:237,22,0,0
BRDA:237,22,1,0
BRDA:244,23,0,0
BRDA:244,23,1,0
BRDA:244,23,2,0
BRDA:244,23,3,0
BRDA:244,23,4,0
BRDA:254,24,0,0
BRDA:254,24,1,0
BRDA:260,25,0,0
BRDA:260,25,1,0
BRDA:260,25,2,0
BRDA:276,26,0,0
BRDA:276,26,1,0
BRDA:277,27,0,0
BRDA:277,27,1,0
BRDA:278,28,0,0
BRDA:278,28,1,0
BRDA:279,29,0,0
BRDA:279,29,1,0
BRDA:280,30,0,0
BRDA:280,30,1,0
BRDA:309,31,0,0
BRDA:309,31,1,0
BRDA:319,32,0,0
BRDA:319,32,1,0
BRDA:326,33,0,0
BRDA:326,33,1,0
BRDA:326,34,0,0
BRDA:326,34,1,0
BRDA:334,35,0,0
BRDA:334,35,1,0
BRDA:337,36,0,0
BRDA:337,36,1,0
BRDA:350,37,0,0
BRDA:350,37,1,0
BRDA:359,38,0,0
BRDA:359,38,1,0
BRDA:363,39,0,0
BRDA:363,39,1,0
BRDA:374,40,0,0
BRDA:374,40,1,0
BRDA:374,41,0,0
BRDA:374,41,1,0
BRDA:376,42,0,0
BRDA:376,42,1,0
BRDA:379,43,0,0
BRDA:379,43,1,0
BRDA:379,44,0,0
BRDA:379,44,1,0
BRDA:381,45,0,0
BRDA:381,45,1,0
BRDA:403,46,0,0
BRDA:403,46,1,0
BRDA:410,47,0,0
BRDA:410,47,1,0
BRDA:410,47,2,0
BRDA:413,48,0,0
BRDA:413,48,1,0
BRDA:419,49,0,0
BRDA:419,49,1,0
BRDA:419,50,0,0
BRDA:419,50,1,0
BRDA:426,51,0,0
BRDA:426,51,1,0
BRDA:427,52,0,0
BRDA:427,52,1,0
BRDA:440,53,0,0
BRDA:440,53,1,0
BRDA:451,54,0,0
BRDA:451,54,1,0
BRDA:455,55,0,0
BRDA:455,55,1,0
BRDA:459,56,0,0
BRDA:459,56,1,0
BRDA:462,57,0,0
BRDA:462,57,1,0
BRDA:462,57,2,0
BRDA:467,58,0,0
BRDA:467,58,1,0
BRDA:467,59,0,0
BRDA:467,59,1,0
BRDA:473,60,0,0
BRDA:473,60,1,0
BRDA:473,61,0,0
BRDA:473,61,1,0
BRF:130
BRH:0
end_of_record
